2017-03-13 14:32:05,859 [car_out]-[DEBUG] 2017-03-13 14:32:02,281 W 2522 H 3890 L 6954 C 0 T 4578 B 0 ZN 3 Z0 3212 Z1 1395 QL 0 QW 0 QH 0 QZN 0 GL 0 GW 0 GH 0 GZN 0 XZJ 0
2017-03-13 14:34:45,468 [car_out]-[DEBUG] 2017-03-13 14:34:42,437 W 2517 H 3889 L 7009 C 0 T 4264 B 0 ZN 3 Z0 3281 Z1 1460 QL 0 QW 0 QH 0 QZN 0 GL 0 GW 0 GH 0 GZN 0 XZJ 0
2017-03-13 14:44:28,093 [car_out]-[DEBUG] 2017-03-13 14:44:24,765 W 2521 H 3881 L 6986 C 0 T 3491 B 0 ZN 2 Z0 3519 QL 0 QW 0 QH 0 QZN 0 GL 0 GW 0 GH 0 GZN 0 XZJ 0
2017-03-13 14:47:40,375 [car_out]-[DEBUG] 2017-03-13 14:47:38,109 W 1818 H 1459 L 4601 C 0 T 2046 B 0 ZN 2 Z0 3110 QL 0 QW 0 QH 0 QZN 0 GL 0 GW 0 GH 0 GZN 0 XZJ 0
2017-03-13 14:48:35,359 [car_out]-[DEBUG] 2017-03-13 14:48:33,250 W 1819 H 1459 L 4623 C 0 T 1682 B 0 ZN 1 QL 0 QW 0 QH 0 QZN 0 GL 0 GW 0 GH 0 GZN 0 XZJ 0
2017-03-13 14:49:44,125 [car_out]-[DEBUG] 2017-03-13 14:49:41,828 W 1828 H 1464 L 4761 C 0 T 3245 B 0 ZN 2 Z0 2820 QL 0 QW 0 QH 0 QZN 0 GL 0 GW 0 GH 0 GZN 0 XZJ 0
2017-03-13 14:52:02,265 [car_out]-[DEBUG] 2017-03-13 14:51:59,875 W 1827 H 1460 L 4712 C 0 T 3313 B 0 ZN 2 Z0 2823 QL 0 QW 0 QH 0 QZN 0 GL 0 GW 0 GH 0 GZN 0 XZJ 0
2017-03-13 14:53:22,640 [car_out]-[DEBUG] 2017-03-13 14:53:20,078 W 1833 H 1464 L 4759 C 0 T 4795 B 0 ZN 2 Z0 2747 QL 0 QW 0 QH 0 QZN 0 GL 0 GW 0 GH 0 GZN 0 XZJ 0
2017-03-13 14:54:02,093 [car_out]-[DEBUG] 2017-03-13 14:53:59,953 W 1821 H 1460 L 4740 C 0 T 1781 B 0 ZN 1 QL 0 QW 0 QH 0 QZN 0 GL 0 GW 0 GH 0 GZN 0 XZJ 0
2017-03-13 14:54:33,156 [car_out]-[DEBUG] 2017-03-13 14:54:30,765 W 1825 H 1460 L 4744 C 0 T 3431 B 0 ZN 2 Z0 2874 QL 0 QW 0 QH 0 QZN 0 GL 0 GW 0 GH 0 GZN 0 XZJ 0
2017-03-13 14:55:05,703 [car_out]-[DEBUG] 2017-03-13 14:55:03,296 W 1828 H 1459 L 4774 C 0 T 3179 B 0 ZN 2 Z0 2843 QL 0 QW 0 QH 0 QZN 0 GL 0 GW 0 GH 0 GZN 0 XZJ 0
2017-03-13 14:55:35,343 [car_out]-[DEBUG] 2017-03-13 14:55:32,843 W 1827 H 1460 L 4646 C 0 T 3065 B 0 ZN 2 Z0 2825 QL 0 QW 0 QH 0 QZN 0 GL 0 GW 0 GH 0 GZN 0 XZJ 0
2017-03-13 14:56:03,093 [car_out]-[DEBUG] 2017-03-13 14:56:00,812 W 1829 H 1460 L 4655 C 0 T 3196 B 0 ZN 2 Z0 2825 QL 0 QW 0 QH 0 QZN 0 GL 0 GW 0 GH 0 GZN 0 XZJ 0
2017-03-13 14:56:38,656 [car_out]-[DEBUG] 2017-03-13 14:56:36,390 W 1832 H 1463 L 4727 C 0 T 3129 B 0 ZN 2 Z0 2800 QL 0 QW 0 QH 0 QZN 0 GL 0 GW 0 GH 0 GZN 0 XZJ 0
2017-03-13 14:57:07,828 [car_out]-[DEBUG] 2017-03-13 14:57:05,640 W 1824 H 1457 L 4742 C 0 T 2315 B 0 ZN 1 QL 0 QW 0 QH 0 QZN 0 GL 0 GW 0 GH 0 GZN 0 XZJ 0
2017-03-13 15:16:28,437 [car_out]-[DEBUG] 2017-03-13 15:16:25,500 W 2000 H 2183 L 5474 C 0 T 4480 B 0 ZN 2 Z0 3522 QL 0 QW 0 QH 0 QZN 0 GL 0 GW 0 GH 0 GZN 0 XZJ 0
2017-03-13 15:33:45,843 [car_out]-[DEBUG] 2017-03-13 15:33:42,125 W 2438 H 3359 L 7393 C 0 T 7108 B 0 ZN 2 Z0 4155 QL 0 QW 0 QH 0 QZN 0 GL 0 GW 0 GH 0 GZN 0 XZJ 0
2017-03-13 15:35:56,687 [car_out]-[DEBUG] 2017-03-13 15:35:50,375 W 2527 H 2429 L 7567 C 0 T 29049 B 0 ZN 2 Z0 4587 QL 0 QW 0 QH 0 QZN 0 GL 0 GW 0 GH 0 GZN 0 XZJ 0
2017-03-13 15:43:02,218 [car_out]-[DEBUG] 2017-03-13 15:42:59,171 W 2262 H 2434 L 7517 C 0 T 6009 B 0 ZN 2 Z0 4194 QL 0 QW 0 QH 0 QZN 0 GL 0 GW 0 GH 0 GZN 0 XZJ 0
2017-03-13 15:49:01,265 [car_out]-[DEBUG] 2017-03-13 15:48:58,250 W 2257 H 2426 L 7488 C 0 T 6112 B 0 ZN 2 Z0 4222 QL 0 QW 0 QH 0 QZN 0 GL 0 GW 0 GH 0 GZN 0 XZJ 0
2017-03-13 16:10:12,937 [car_out]-[DEBUG] 2017-03-13 16:10:08,812 W 2637 H 4089 L 12120 C 0 T 8341 B 0 ZN 3 Z0 1744 Z1 5673 QL 0 QW 0 QH 0 QZN 0 GL 0 GW 0 GH 0 GZN 0 XZJ 0
2017-03-13 16:13:12,843 [car_out]-[DEBUG] 2017-03-13 16:12:54,031 W 2689 H 4168 L 12148 C 0 T 12336 B 0 ZN 3 Z0 1799 Z1 5708 QL 0 QW 0 QH 0 QZN 0 GL 0 GW 0 GH 0 GZN 0 XZJ 0
2017-03-13 16:13:50,421 [car_out]-[DEBUG] 2017-03-13 16:13:46,062 W 2690 H 4166 L 12149 C 0 T 8524 B 0 ZN 3 Z0 1851 Z1 5689 QL 0 QW 0 QH 0 QZN 0 GL 0 GW 0 GH 0 GZN 0 XZJ 0
2017-03-13 16:15:17,000 [car_out]-[DEBUG] 2017-03-13 16:14:57,062 W 2566 H 4009 L 12123 C 0 T 13700 B 0 ZN 3 Z0 1700 Z1 5683 QL 0 QW 0 QH 0 QZN 0 GL 0 GW 0 GH 0 GZN 0 XZJ 0
2017-03-13 16:15:43,812 [car_out]-[DEBUG] 2017-03-13 16:15:39,671 W 2568 H 4007 L 12108 C 0 T 7943 B 0 ZN 3 Z0 1752 Z1 5711 QL 0 QW 0 QH 0 QZN 0 GL 0 GW 0 GH 0 GZN 0 XZJ 0
2017-03-13 16:26:48,031 [car_out]-[DEBUG] 2017-03-13 16:26:42,968 W 2524 H 3966 L 10408 C 0 T 10122 B 0 ZN 3 Z0 1691 Z1 4576 QL 0 QW 0 QH 0 QZN 0 GL 0 GW 0 GH 0 GZN 0 XZJ 0
2017-03-13 16:30:08,968 [car_out]-[DEBUG] 2017-03-13 16:30:04,828 W 2550 H 3834 L 12049 C 0 T 9873 B 2389 ZN 4 Z0 1782 Z1 4614 Z2 1342 QL 0 QW 0 QH 0 QZN 0 GL 0 GW 0 GH 0 GZN 0 XZJ 0
2017-03-13 16:33:02,812 [car_out]-[DEBUG] 2017-03-13 16:32:40,687 W 2549 H 3860 L 12060 C 0 T 15052 B 2401 ZN 4 Z0 1796 Z1 4616 Z2 1346 QL 0 QW 0 QH 0 QZN 0 GL 0 GW 0 GH 0 GZN 0 XZJ 0
2017-03-13 16:36:58,375 [car_out]-[DEBUG] 2017-03-13 16:36:53,343 W 2547 H 3912 L 12073 C 0 T 12735 B 2397 ZN 4 Z0 1797 Z1 4610 Z2 1347 QL 0 QW 0 QH 0 QZN 0 GL 0 GW 0 GH 0 GZN 0 XZJ 0
2017-03-13 16:42:48,968 [car_out]-[DEBUG] 2017-03-13 16:42:42,921 W 2592 H 3748 L 16796 C 0 T 16763 B 1793 ZN 6 Z0 3151 Z1 1346 Z2 5767 Z3 1283 Z4 1299 QL 0 QW 0 QH 0 QZN 0 GL 13037 GW 2592 GH 3300 GZN 3 GZ0 1283 GZ1 1299 XZJ 0
2017-03-13 16:49:03,281 [car_out]-[DEBUG] 2017-03-13 16:48:59,156 W 2550 H 4063 L 12048 C 0 T 13169 B 0 ZN 4 Z0 1789 Z1 4611 Z2 1343 QL 0 QW 0 QH 0 QZN 0 GL 0 GW 0 GH 0 GZN 0 XZJ 0
2017-03-13 16:51:40,250 [car_out]-[DEBUG] 2017-03-13 16:51:16,203 W 2549 H 4063 L 12050 C 0 T 17753 B 0 ZN 4 Z0 1810 Z1 4527 Z2 1340 QL 0 QW 0 QH 0 QZN 0 GL 0 GW 0 GH 0 GZN 0 XZJ 0
2017-03-13 16:52:16,171 [car_out]-[DEBUG] 2017-03-13 16:52:11,828 W 2549 H 4060 L 12056 C 0 T 12834 B 0 ZN 4 Z0 1789 Z1 4608 Z2 1346 QL 0 QW 0 QH 0 QZN 0 GL 0 GW 0 GH 0 GZN 0 XZJ 0
2017-03-13 16:53:17,531 [car_out]-[DEBUG] 2017-03-13 16:52:57,046 W 2546 H 4061 L 12062 C 0 T 15152 B 2773 ZN 4 Z0 1794 Z1 4612 Z2 1341 QL 0 QW 0 QH 0 QZN 0 GL 0 GW 0 GH 0 GZN 0 XZJ 0
2017-03-13 16:54:57,406 [car_out]-[DEBUG] 2017-03-13 16:54:53,359 W 2545 H 3992 L 12048 C 0 T 12786 B 2387 ZN 4 Z0 1789 Z1 4609 Z2 1346 QL 0 QW 0 QH 0 QZN 0 GL 0 GW 0 GH 0 GZN 0 XZJ 0
2017-03-13 16:58:53,187 [car_out]-[DEBUG] 2017-03-13 16:58:48,687 W 2533 H 3885 L 12136 C 0 T 11438 B 2327 ZN 4 Z0 1945 Z1 4519 Z2 1346 QL 0 QW 0 QH 0 QZN 0 GL 0 GW 0 GH 0 GZN 0 XZJ 0
2017-03-13 17:02:45,578 [car_out]-[DEBUG] 2017-03-13 17:01:39,406 W 2542 H 3904 L 12088 C 0 T 49230 B 2281 ZN 4 Z0 1934 Z1 4477 Z2 1347 QL 0 QW 0 QH 0 QZN 0 GL 0 GW 0 GH 0 GZN 0 XZJ 0
2017-03-13 17:03:00,343 [car_out]-[DEBUG] 2017-03-13 17:02:54,921 W 2536 H 3904 L 12071 C 0 T 10348 B 0 ZN 4 Z0 2045 Z1 4609 Z2 1302 QL 0 QW 0 QH 0 QZN 0 GL 0 GW 0 GH 0 GZN 0 XZJ 0
2017-03-13 17:06:23,812 [car_out]-[DEBUG] 2017-03-13 17:06:20,218 W 2360 H 3283 L 7278 C 0 T 6448 B 0 ZN 2 Z0 4129 QL 0 QW 0 QH 0 QZN 0 GL 0 GW 0 GH 0 GZN 0 XZJ 0
2017-03-13 17:10:18,937 [car_out]-[DEBUG] 2017-03-13 17:10:03,156 W 2353 H 3283 L 7313 C 0 T 9773 B 0 ZN 2 Z0 3977 QL 0 QW 0 QH 0 QZN 0 GL 0 GW 0 GH 0 GZN 0 XZJ 0
2017-03-13 17:10:37,843 [car_out]-[DEBUG] 2017-03-13 17:10:34,625 W 2353 H 3282 L 7358 C 0 T 6236 B 0 ZN 2 Z0 4151 QL 0 QW 0 QH 0 QZN 0 GL 0 GW 0 GH 0 GZN 0 XZJ 0
2017-03-13 17:12:16,875 [car_out]-[DEBUG] 2017-03-13 17:12:04,187 W 2345 H 3280 L 7352 C 0 T 7609 B 0 ZN 2 Z0 3990 QL 0 QW 0 QH 0 QZN 0 GL 0 GW 0 GH 0 GZN 0 XZJ 0
2017-03-13 17:12:39,828 [car_out]-[DEBUG] 2017-03-13 17:12:36,593 W 2344 H 3282 L 7317 C 0 T 6779 B 0 ZN 2 Z0 4150 QL 0 QW 0 QH 0 QZN 0 GL 0 GW 0 GH 0 GZN 0 XZJ 0
2017-03-13 17:17:52,812 [car_out]-[DEBUG] 2017-03-13 17:17:45,859 W 2557 H 3811 L 12014 C 0 T 13416 B 2322 ZN 4 Z0 1741 Z1 4870 Z2 1342 QL 0 QW 0 QH 0 QZN 0 GL 0 GW 0 GH 0 GZN 0 XZJ 0
2017-03-13 17:21:22,953 [car_out]-[DEBUG] 2017-03-13 17:20:53,031 W 2562 H 3810 L 11971 C 0 T 23375 B 0 ZN 4 Z0 1792 Z1 4635 Z2 1283 QL 0 QW 0 QH 0 QZN 0 GL 0 GW 0 GH 0 GZN 0 XZJ 0
2017-03-13 17:23:33,656 [car_out]-[DEBUG] 2017-03-13 17:23:29,250 W 2559 H 3897 L 11972 C 0 T 10055 B 2371 ZN 4 Z0 1869 Z1 4740 Z2 1291 QL 0 QW 0 QH 0 QZN 0 GL 0 GW 0 GH 0 GZN 0 XZJ 0
2017-03-13 17:27:02,546 [car_out]-[DEBUG] 2017-03-13 17:26:57,453 W 2476 H 3748 L 6946 C 0 T 7441 B 0 ZN 3 Z0 3308 Z1 1348 QL 0 QW 0 QH 0 QZN 0 GL 0 GW 0 GH 0 GZN 0 XZJ 0
2017-03-13 17:33:03,453 [car_out]-[DEBUG] 2017-03-13 17:32:59,656 W 2544 H 3471 L 16592 C 0 T 10070 B 1629 ZN 6 Z0 3472 Z1 1350 Z2 5298 Z3 1290 Z4 1275 QL 0 QW 0 QH 0 QZN 0 GL 13277 GW 2492 GH 3253 GZN 3 GZ0 1290 GZ1 1275 XZJ 0
2017-03-13 17:38:52,750 [car_out]-[DEBUG] 2017-03-13 17:38:26,234 W 2501 H 3491 L 16590 C 0 T 20211 B 0 ZN 6 Z0 3465 Z1 1343 Z2 5264 Z3 1266 Z4 1291 QL 0 QW 0 QH 0 QZN 0 GL 0 GW 0 GH 0 GZN 0 XZJ 0
2017-03-13 17:40:27,390 [car_out]-[DEBUG] 2017-03-13 17:40:21,312 W 2578 H 3492 L 16583 C 0 T 16379 B 1622 ZN 6 Z0 3448 Z1 1361 Z2 5283 Z3 1263 Z4 1268 QL 0 QW 0 QH 0 QZN 0 GL 13018 GW 2501 GH 3324 GZN 3 GZ0 1263 GZ1 1268 XZJ 0
2017-03-13 17:44:31,046 [car_out]-[DEBUG] 2017-03-13 17:44:26,125 W 2476 H 3771 L 6740 C 0 T 6575 B 239 ZN 2 Z0 3194 QL 0 QW 0 QH 0 QZN 0 GL 0 GW 0 GH 0 GZN 0 XZJ 0
2017-03-13 17:45:24,171 [car_out]-[DEBUG] 2017-03-13 17:45:16,046 W 2472 H 3766 L 6768 C 0 T 4713 B 276 ZN 3 Z0 3189 Z1 1344 QL 0 QW 0 QH 0 QZN 0 GL 0 GW 0 GH 0 GZN 0 XZJ 0
2017-03-13 17:54:36,187 [car_out]-[DEBUG] 2017-03-13 17:54:26,281 W 2473 H 3771 L 6769 C 0 T 5411 B 0 ZN 3 Z0 3149 Z1 1338 QL 0 QW 0 QH 0 QZN 0 GL 0 GW 0 GH 0 GZN 0 XZJ 0
2017-03-13 17:55:18,796 [car_out]-[DEBUG] 2017-03-13 17:55:15,171 W 2476 H 3772 L 6765 C 0 T 6909 B 0 ZN 3 Z0 3180 Z1 1350 QL 0 QW 0 QH 0 QZN 0 GL 0 GW 0 GH 0 GZN 0 XZJ 0
2017-03-13 18:01:17,703 [car_out]-[DEBUG] 2017-03-13 18:01:13,343 W 2478 H 3766 L 6770 C 0 T 9522 B 0 ZN 2 Z0 3242 QL 0 QW 0 QH 0 QZN 0 GL 0 GW 0 GH 0 GZN 0 XZJ 0
2017-03-13 18:07:51,828 [car_out]-[DEBUG] 2017-03-13 18:07:45,140 W 2596 H 3506 L 16808 C 0 T 23409 B 599 ZN 6 Z0 3455 Z1 1343 Z2 5722 Z3 1308 Z4 1308 QL 0 QW 0 QH 0 QZN 0 GL 13010 GW 2596 GH 2635 GZN 3 GZ0 1308 GZ1 1308 XZJ 0
2017-03-13 18:15:52,296 [car_out]-[DEBUG] 2017-03-13 18:15:48,562 W 2471 H 3810 L 6964 C 0 T 6527 B 0 ZN 3 Z0 1937 Z1 2493 QL 0 QW 0 QH 0 QZN 0 GL 0 GW 0 GH 0 GZN 0 XZJ 0
2017-03-13 18:21:24,421 [car_out]-[DEBUG] 2017-03-13 18:21:21,687 W 2232 H 2449 L 7511 C 0 T 3245 B 578 ZN 2 Z0 4381 QL 0 QW 0 QH 0 QZN 0 GL 0 GW 0 GH 0 GZN 0 XZJ 0
2017-03-13 18:23:44,484 [car_out]-[DEBUG] 2017-03-13 18:23:41,328 W 2009 H 2253 L 6430 C 0 T 4314 B 0 ZN 2 Z0 3752 QL 0 QW 0 QH 0 QZN 0 GL 0 GW 0 GH 0 GZN 0 XZJ 0
2017-03-13 18:26:54,250 [car_out]-[DEBUG] 2017-03-13 18:26:43,000 W 2017 H 2259 L 6452 C 0 T 5845 B 432 ZN 2 Z0 3664 QL 0 QW 0 QH 0 QZN 0 GL 0 GW 0 GH 0 GZN 0 XZJ 0
2017-03-13 18:27:11,390 [car_out]-[DEBUG] 2017-03-13 18:27:08,875 W 2000 H 2240 L 6403 C 0 T 3281 B 0 ZN 2 Z0 3658 QL 0 QW 0 QH 0 QZN 0 GL 0 GW 0 GH 0 GZN 0 XZJ 0
2017-03-13 18:28:59,203 [car_out]-[DEBUG] 2017-03-13 18:28:49,109 W 1996 H 2252 L 6460 C 0 T 5212 B 437 ZN 2 Z0 3652 QL 0 QW 0 QH 0 QZN 0 GL 0 GW 0 GH 0 GZN 0 XZJ 0
2017-03-13 18:29:12,625 [car_out]-[DEBUG] 2017-03-13 18:29:09,968 W 1990 H 2255 L 6549 C 0 T 4643 B 0 ZN 2 Z0 3751 QL 0 QW 0 QH 0 QZN 0 GL 0 GW 0 GH 0 GZN 0 XZJ 0
2017-03-13 18:36:28,828 [car_out]-[DEBUG] 2017-03-13 18:36:23,921 W 2445 H 3493 L 7174 C 0 T 3380 B 219 ZN 3 Z0 3461 Z1 1376 QL 0 QW 0 QH 0 QZN 0 GL 0 GW 0 GH 0 GZN 0 XZJ 0
2017-03-13 18:38:25,625 [car_out]-[DEBUG] 2017-03-13 18:38:13,156 W 2456 H 3495 L 7179 C 0 T 7794 B 0 ZN 3 Z0 3508 Z1 1320 QL 0 QW 0 QH 0 QZN 0 GL 0 GW 0 GH 0 GZN 0 XZJ 0
2017-03-13 18:42:03,812 [car_out]-[DEBUG] 2017-03-13 18:41:58,265 W 2454 H 3496 L 7146 C 0 T 7241 B 0 ZN 3 Z0 3452 Z1 1354 QL 0 QW 0 QH 0 QZN 0 GL 0 GW 0 GH 0 GZN 0 XZJ 0
2017-03-13 18:43:42,687 [car_out]-[DEBUG] 2017-03-13 18:43:31,125 W 2456 H 3488 L 7122 C 0 T 6711 B 0 ZN 3 Z0 3461 Z1 1345 QL 0 QW 0 QH 0 QZN 0 GL 0 GW 0 GH 0 GZN 0 XZJ 0
2017-03-14 08:54:35,390 [car_out]-[DEBUG] 2017-03-14 08:54:31,546 W 2508 H 3874 L 12070 C 0 T 5064 B 2295 ZN 4 Z0 1766 Z1 4466 Z2 1219 QL 0 QW 0 QH 0 QZN 0 GL 0 GW 0 GH 0 GZN 0 XZJ 0
2017-03-14 08:56:56,843 [car_out]-[DEBUG] 2017-03-14 08:56:36,625 W 2522 H 3873 L 12083 C 0 T 14284 B 2301 ZN 4 Z0 1783 Z1 4617 Z2 1287 QL 0 QW 0 QH 0 QZN 0 GL 0 GW 0 GH 0 GZN 0 XZJ 0
2017-03-14 09:08:50,531 [car_out]-[DEBUG] 2017-03-14 09:08:47,015 W 2520 H 4091 L 12067 C 0 T 6576 B 2311 ZN 4 Z0 1824 Z1 4745 Z2 1291 QL 0 QW 0 QH 0 QZN 0 GL 0 GW 0 GH 0 GZN 0 XZJ 0
2017-03-14 09:18:47,140 [car_out]-[DEBUG] 2017-03-14 09:18:43,625 W 2282 H 2371 L 7581 C 0 T 6908 B 566 ZN 2 Z0 4180 QL 0 QW 0 QH 0 QZN 0 GL 0 GW 0 GH 0 GZN 0 XZJ 0
2017-03-14 09:19:48,515 [car_out]-[DEBUG] 2017-03-14 09:19:38,296 W 2288 H 2366 L 7484 C 0 T 6658 B 575 ZN 2 Z0 4184 QL 0 QW 0 QH 0 QZN 0 GL 0 GW 0 GH 0 GZN 0 XZJ 0
2017-03-14 09:20:02,218 [car_out]-[DEBUG] 2017-03-14 09:19:59,125 W 2285 H 2367 L 7589 C 0 T 6974 B 570 ZN 2 Z0 4206 QL 0 QW 0 QH 0 QZN 0 GL 0 GW 0 GH 0 GZN 0 XZJ 0
2017-03-14 09:22:52,265 [car_out]-[DEBUG] 2017-03-14 09:22:41,468 W 2279 H 2373 L 7589 C 0 T 6627 B 573 ZN 2 Z0 4209 QL 0 QW 0 QH 0 QZN 0 GL 0 GW 0 GH 0 GZN 0 XZJ 0
2017-03-14 09:23:08,781 [car_out]-[DEBUG] 2017-03-14 09:23:05,781 W 2276 H 2377 L 7578 C 0 T 6908 B 569 ZN 2 Z0 4198 QL 0 QW 0 QH 0 QZN 0 GL 0 GW 0 GH 0 GZN 0 XZJ 0
2017-03-14 09:28:43,234 [car_out]-[DEBUG] 2017-03-14 09:28:27,390 W 2553 H 3955 L 23737 C 0 T 6275 B 0 ZN 0 QL 0 QW 0 QH 0 QZN 0 GL 0 GW 0 GH 0 GZN 0 XZJ 0
2017-03-14 09:29:57,984 [car_out]-[DEBUG] 2017-03-14 09:29:35,843 W 2557 H 3965 L 10077 C 0 T 16033 B 0 ZN 3 Z0 4003 Z1 1396 QL 0 QW 0 QH 0 QZN 0 GL 0 GW 0 GH 0 GZN 0 XZJ 0
2017-03-14 09:30:24,734 [car_out]-[DEBUG] 2017-03-14 09:30:21,437 W 2549 H 3945 L 10074 C 0 T 5174 B 0 ZN 3 Z0 4091 Z1 1365 QL 0 QW 0 QH 0 QZN 0 GL 0 GW 0 GH 0 GZN 0 XZJ 0
2017-03-14 09:35:24,031 [car_out]-[DEBUG] 2017-03-14 09:35:00,843 W 2562 H 3959 L 10062 C 0 T 15032 B 0 ZN 3 Z0 3990 Z1 1402 QL 0 QW 0 QH 0 QZN 0 GL 0 GW 0 GH 0 GZN 0 XZJ 0
2017-03-14 09:36:31,437 [car_out]-[DEBUG] 2017-03-14 09:36:26,187 W 2564 H 3958 L 10041 C 0 T 12979 B 0 ZN 3 Z0 3973 Z1 1394 QL 0 QW 0 QH 0 QZN 0 GL 0 GW 0 GH 0 GZN 0 XZJ 0
2017-03-14 09:39:31,406 [car_out]-[DEBUG] 2017-03-14 09:39:03,500 W 2521 H 4095 L 12086 C 0 T 19495 B 0 ZN 4 Z0 1683 Z1 4668 Z2 1286 QL 0 QW 0 QH 0 QZN 0 GL 0 GW 0 GH 0 GZN 0 XZJ 0
2017-03-14 09:41:58,296 [car_out]-[DEBUG] 2017-03-14 09:41:54,734 W 2511 H 4085 L 12054 C 0 T 5662 B 2280 ZN 4 Z0 1823 Z1 4785 Z2 1292 QL 0 QW 0 QH 0 QZN 0 GL 0 GW 0 GH 0 GZN 0 XZJ 0
2017-03-14 09:42:06,656 [car_out]-[DEBUG] 2017-03-14 09:42:04,562 W 2189 H 2491 L 22306 C 0 T 5664 B 326 ZN 0 QL 0 QW 0 QH 0 QZN 0 GL 0 GW 0 GH 0 GZN 0 XZJ 0
2017-03-14 09:43:23,515 [car_out]-[DEBUG] 2017-03-14 09:42:59,890 W 2528 H 4097 L 12061 C 0 T 17349 B 2300 ZN 4 Z0 1763 Z1 4666 Z2 1308 QL 0 QW 0 QH 0 QZN 0 GL 0 GW 0 GH 0 GZN 0 XZJ 0
2017-03-14 09:44:59,546 [car_out]-[DEBUG] 2017-03-14 09:44:55,843 W 2512 H 4094 L 12062 C 0 T 6675 B 2294 ZN 4 Z0 1842 Z1 4672 Z2 1222 QL 0 QW 0 QH 0 QZN 0 GL 0 GW 0 GH 0 GZN 0 XZJ 0
2017-03-14 09:50:31,468 [car_out]-[DEBUG] 2017-03-14 09:50:27,640 W 2019 H 2569 L 7008 C 0 T 4128 B 0 ZN 2 Z0 3997 QL 0 QW 0 QH 0 QZN 0 GL 0 GW 0 GH 0 GZN 0 XZJ 0
2017-03-14 09:52:18,437 [car_out]-[DEBUG] 2017-03-14 09:52:06,375 W 2026 H 2572 L 7043 C 0 T 8275 B 0 ZN 2 Z0 3929 QL 0 QW 0 QH 0 QZN 0 GL 0 GW 0 GH 0 GZN 0 XZJ 0
2017-03-14 09:52:33,515 [car_out]-[DEBUG] 2017-03-14 09:52:30,406 W 2021 H 2569 L 7072 C 0 T 5378 B 0 ZN 2 Z0 3995 QL 0 QW 0 QH 0 QZN 0 GL 0 GW 0 GH 0 GZN 0 XZJ 0
2017-03-14 09:54:15,531 [car_out]-[DEBUG] 2017-03-14 09:54:05,000 W 2021 H 2569 L 7072 C 0 T 6610 B 0 ZN 2 Z0 3777 QL 0 QW 0 QH 0 QZN 0 GL 0 GW 0 GH 0 GZN 0 XZJ 0
2017-03-14 09:54:39,140 [car_out]-[DEBUG] 2017-03-14 09:54:36,109 W 2018 H 2568 L 7073 C 0 T 5695 B 0 ZN 2 Z0 3855 QL 0 QW 0 QH 0 QZN 0 GL 0 GW 0 GH 0 GZN 0 XZJ 0
2017-03-14 10:01:23,062 [car_out]-[DEBUG] 2017-03-14 10:01:14,125 W 2503 H 3837 L 6913 C 0 T 9567 B 0 ZN 3 Z0 3230 Z1 1398 QL 0 QW 0 QH 0 QZN 0 GL 0 GW 0 GH 0 GZN 0 XZJ 0
2017-03-14 10:06:48,437 [car_out]-[DEBUG] 2017-03-14 10:06:44,359 W 2506 H 3857 L 12047 C 0 T 8905 B 2085 ZN 4 Z0 1837 Z1 4756 Z2 1270 QL 0 QW 0 QH 0 QZN 0 GL 0 GW 0 GH 0 GZN 0 XZJ 0
2017-03-14 10:14:24,625 [car_out]-[DEBUG] 2017-03-14 10:14:20,640 W 2529 H 3776 L 9017 C 0 T 4379 B 2214 ZN 2 Z0 4984 QL 0 QW 0 QH 0 QZN 0 GL 0 GW 0 GH 0 GZN 0 XZJ 0
2017-03-14 10:24:25,562 [car_out]-[DEBUG] 2017-03-14 10:24:19,609 W 2537 H 3842 L 12055 C 0 T 8623 B 2183 ZN 4 Z0 1887 Z1 4665 Z2 1332 QL 0 QW 0 QH 0 QZN 0 GL 0 GW 0 GH 0 GZN 0 XZJ 0
2017-03-14 10:26:41,265 [car_out]-[DEBUG] 2017-03-14 10:26:31,234 W 2089 H 1862 L 23883 C 0 T 1548 B 0 ZN 0 QL 0 QW 0 QH 0 QZN 0 GL 0 GW 0 GH 0 GZN 0 XZJ 0
2017-03-14 10:28:17,015 [car_out]-[DEBUG] 2017-03-14 10:28:05,328 W 1959 H 1870 L 4999 C 0 T 7193 B 0 ZN 2 Z0 3520 QL 0 QW 0 QH 0 QZN 0 GL 0 GW 0 GH 0 GZN 0 XZJ 0
2017-03-14 10:30:34,640 [car_out]-[DEBUG] 2017-03-14 10:30:31,015 W 2608 H 3658 L 9100 C 0 T 5729 B 2071 ZN 2 Z0 5201 QL 0 QW 0 QH 0 QZN 0 GL 0 GW 0 GH 0 GZN 0 XZJ 0
2017-03-14 10:40:47,421 [car_out]-[DEBUG] 2017-03-14 10:40:44,296 W 2816 H 3826 L 7182 C 0 T 3579 B 283 ZN 3 Z0 3896 Z1 1378 QL 0 QW 0 QH 0 QZN 0 GL 0 GW 0 GH 0 GZN 0 XZJ 0
2017-03-14 10:50:55,796 [car_out]-[DEBUG] 2017-03-14 10:50:52,015 W 2554 H 3569 L 12002 C 0 T 9091 B 1997 ZN 4 Z0 1842 Z1 4563 Z2 1344 QL 0 QW 0 QH 0 QZN 0 GL 0 GW 0 GH 0 GZN 0 XZJ 0
2017-03-14 10:52:03,750 [car_out]-[DEBUG] 2017-03-14 10:51:36,812 W 2573 H 3580 L 12094 C 0 T 19695 B 2035 ZN 4 Z0 1842 Z1 4587 Z2 1386 QL 0 QW 0 QH 0 QZN 0 GL 0 GW 0 GH 0 GZN 0 XZJ 0
2017-03-14 10:52:54,312 [car_out]-[DEBUG] 2017-03-14 10:52:49,531 W 2569 H 3577 L 12053 C 0 T 11177 B 2016 ZN 4 Z0 1871 Z1 4575 Z2 1346 QL 0 QW 0 QH 0 QZN 0 GL 0 GW 0 GH 0 GZN 0 XZJ 0
2017-03-14 10:58:45,515 [car_out]-[DEBUG] 2017-03-14 10:58:42,421 W 2363 H 2407 L 7122 C 0 T 6093 B 524 ZN 2 Z0 4004 QL 0 QW 0 QH 0 QZN 0 GL 0 GW 0 GH 0 GZN 0 XZJ 0
2017-03-14 11:03:13,828 [car_out]-[DEBUG] 2017-03-14 11:02:53,375 W 2314 H 2408 L 5112 C 0 T 10057 B 539 ZN 2 Z0 3776 QL 0 QW 0 QH 0 QZN 0 GL 0 GW 0 GH 0 GZN 0 XZJ 0
2017-03-14 11:03:53,500 [car_out]-[DEBUG] 2017-03-14 11:03:50,343 W 2347 H 2410 L 7075 C 0 T 6160 B 526 ZN 2 Z0 4022 QL 0 QW 0 QH 0 QZN 0 GL 0 GW 0 GH 0 GZN 0 XZJ 0
2017-03-14 11:07:55,718 [car_out]-[DEBUG] 2017-03-14 11:07:53,218 W 2299 H 2364 L 5399 C 0 T 1547 B 217 ZN 1 QL 0 QW 0 QH 0 QZN 0 GL 0 GW 0 GH 0 GZN 0 XZJ 0
2017-03-14 11:11:09,203 [car_out]-[DEBUG] 2017-03-14 11:11:05,093 W 2580 H 3565 L 16633 C 0 T 14684 B 1627 ZN 6 Z0 1695 Z1 2433 Z2 5842 Z3 1308 Z4 1285 QL 0 QW 0 QH 0 QZN 0 GL 13549 GW 2580 GH 3565 GZN 3 GZ0 1308 GZ1 1285 XZJ 0
2017-03-14 11:21:52,328 [car_out]-[DEBUG] 2017-03-14 11:21:49,140 W 1904 H 2656 L 5927 C 0 T 4496 B 0 ZN 2 Z0 3336 QL 0 QW 0 QH 0 QZN 0 GL 0 GW 0 GH 0 GZN 0 XZJ 0
2017-03-14 11:25:15,156 [car_out]-[DEBUG] 2017-03-14 11:25:12,406 W 1908 H 2662 L 5908 C 0 T 3050 B 0 ZN 2 Z0 3307 QL 0 QW 0 QH 0 QZN 0 GL 0 GW 0 GH 0 GZN 0 XZJ 0
2017-03-14 11:26:28,484 [car_out]-[DEBUG] 2017-03-14 11:26:21,187 W 1905 H 2662 L 5827 C 0 T 3963 B 0 ZN 2 Z0 3378 QL 0 QW 0 QH 0 QZN 0 GL 0 GW 0 GH 0 GZN 0 XZJ 0
2017-03-14 11:26:39,312 [car_out]-[DEBUG] 2017-03-14 11:26:36,625 W 1900 H 2658 L 5876 C 0 T 3529 B 0 ZN 2 Z0 3413 QL 0 QW 0 QH 0 QZN 0 GL 0 GW 0 GH 0 GZN 0 XZJ 0
2017-03-14 11:31:19,812 [car_out]-[DEBUG] 2017-03-14 11:31:14,453 W 2530 H 3682 L 9145 C 0 T 10405 B 2109 ZN 2 Z0 5385 QL 0 QW 0 QH 0 QZN 0 GL 0 GW 0 GH 0 GZN 0 XZJ 0
2017-03-14 11:35:37,203 [car_out]-[DEBUG] 2017-03-14 11:35:15,656 W 2528 H 3768 L 9060 C 0 T 13838 B 0 ZN 2 Z0 5370 QL 0 QW 0 QH 0 QZN 0 GL 0 GW 0 GH 0 GZN 0 XZJ 0
2017-03-14 11:36:31,375 [car_out]-[DEBUG] 2017-03-14 11:36:26,796 W 2527 H 3769 L 9209 C 0 T 8649 B 2116 ZN 2 Z0 5259 QL 0 QW 0 QH 0 QZN 0 GL 0 GW 0 GH 0 GZN 0 XZJ 0
2017-03-14 11:40:22,578 [car_out]-[DEBUG] 2017-03-14 11:39:59,359 W 2538 H 3914 L 12098 C 0 T 15467 B 2175 ZN 4 Z0 1800 Z1 4720 Z2 1323 QL 0 QW 0 QH 0 QZN 0 GL 0 GW 0 GH 0 GZN 0 XZJ 0
2017-03-14 11:43:10,171 [car_out]-[DEBUG] 2017-03-14 11:43:05,171 W 2545 H 3915 L 12065 C 0 T 11091 B 2184 ZN 4 Z0 1797 Z1 4736 Z2 1329 QL 0 QW 0 QH 0 QZN 0 GL 0 GW 0 GH 0 GZN 0 XZJ 0
2017-03-14 11:46:35,250 [car_out]-[DEBUG] 2017-03-14 11:46:15,609 W 2531 H 3598 L 12059 C 0 T 12819 B 1986 ZN 4 Z0 1853 Z1 4535 Z2 1341 QL 0 QW 0 QH 0 QZN 0 GL 0 GW 0 GH 0 GZN 0 XZJ 0
2017-03-14 12:48:03,937 [car_out]-[DEBUG] 2017-03-14 12:48:01,562 W 1774 H 1574 L 5011 C 0 T 2031 B 201 ZN 1 QL 0 QW 0 QH 0 QZN 0 GL 0 GW 0 GH 0 GZN 0 XZJ 0
2017-03-14 13:01:15,734 [car_out]-[DEBUG] 2017-03-14 13:01:11,796 W 2291 H 2650 L 4636 C 0 T 11772 B 0 ZN 2 Z0 2327 QL 0 QW 0 QH 0 QZN 0 GL 0 GW 0 GH 0 GZN 0 XZJ 0
2017-03-14 13:34:48,546 [car_out]-[DEBUG] 2017-03-14 13:34:46,218 W 1952 H 1823 L 4676 C 0 T 1331 B 0 ZN 1 QL 0 QW 0 QH 0 QZN 0 GL 0 GW 0 GH 0 GZN 0 XZJ 0
2017-03-14 13:47:20,640 [car_out]-[DEBUG] 2017-03-14 13:47:16,671 W 2527 H 3601 L 12049 C 0 T 9906 B 2003 ZN 4 Z0 1858 Z1 4581 Z2 1342 QL 0 QW 0 QH 0 QZN 0 GL 0 GW 0 GH 0 GZN 0 XZJ 0
2017-03-14 13:49:35,140 [car_out]-[DEBUG] 2017-03-14 13:49:17,843 W 2528 H 3597 L 12061 C 0 T 11520 B 2004 ZN 4 Z0 1846 Z1 4576 Z2 1339 QL 0 QW 0 QH 0 QZN 0 GL 0 GW 0 GH 0 GZN 0 XZJ 0
2017-03-14 13:55:59,703 [car_out]-[DEBUG] 2017-03-14 13:55:55,343 W 2528 H 3922 L 12067 C 0 T 10121 B 2020 ZN 4 Z0 1862 Z1 4595 Z2 1343 QL 0 QW 0 QH 0 QZN 0 GL 0 GW 0 GH 0 GZN 0 XZJ 0
2017-03-14 13:56:04,859 [car_out]-[DEBUG] 2017-03-14 13:56:03,015 W 1697 H 1630 L 21696 C 0 T 866 B 0 ZN 0 QL 0 QW 0 QH 0 QZN 0 GL 0 GW 0 GH 0 GZN 0 XZJ 0
2017-03-14 13:57:11,859 [car_out]-[DEBUG] 2017-03-14 13:56:53,453 W 2532 H 3883 L 12050 C 0 T 13436 B 1985 ZN 4 Z0 1857 Z1 4568 Z2 1342 QL 0 QW 0 QH 0 QZN 0 GL 0 GW 0 GH 0 GZN 0 XZJ 0
2017-03-14 13:58:08,218 [car_out]-[DEBUG] 2017-03-14 13:57:26,781 W 2528 H 3875 L 21823 C 0 T 10107 B 1841 ZN 0 QL 0 QW 0 QH 0 QZN 0 GL 0 GW 0 GH 0 GZN 0 XZJ 0
2017-03-14 14:00:47,453 [car_out]-[DEBUG] 2017-03-14 14:00:23,906 W 2528 H 3947 L 12042 C 0 T 16883 B 1978 ZN 4 Z0 1759 Z1 4572 Z2 1338 QL 0 QW 0 QH 0 QZN 0 GL 0 GW 0 GH 0 GZN 0 XZJ 0
2017-03-14 14:01:45,984 [car_out]-[DEBUG] 2017-03-14 14:01:41,234 W 2521 H 3921 L 12068 C 0 T 10949 B 2008 ZN 4 Z0 1869 Z1 4592 Z2 1342 QL 0 QW 0 QH 0 QZN 0 GL 0 GW 0 GH 0 GZN 0 XZJ 0
2017-03-14 14:06:04,921 [car_out]-[DEBUG] 2017-03-14 14:05:51,656 W 2577 H 3490 L 16782 C 0 T 27039 B 1797 ZN 6 Z0 1934 Z1 2659 Z2 5881 Z3 1289 Z4 1291 QL 0 QW 0 QH 0 QZN 0 GL 12875 GW 2577 GH 3490 GZN 3 GZ0 1289 GZ1 1291 XZJ 0
2017-03-14 14:12:39,593 [car_out]-[DEBUG] 2017-03-14 14:12:35,875 W 2482 H 3818 L 6936 C 0 T 5404 B 0 ZN 2 Z0 3195 QL 0 QW 0 QH 0 QZN 0 GL 0 GW 0 GH 0 GZN 0 XZJ 0
2017-03-14 14:13:05,437 [car_out]-[DEBUG] 2017-03-14 14:12:48,765 W 2467 H 3814 L 6921 C 0 T 11869 B 339 ZN 3 Z0 3187 Z1 1351 QL 0 QW 0 QH 0 QZN 0 GL 0 GW 0 GH 0 GZN 0 XZJ 0
2017-03-14 14:20:29,937 [car_out]-[DEBUG] 2017-03-14 14:20:25,828 W 2464 H 3802 L 6923 C 0 T 7091 B 0 ZN 3 Z0 3206 Z1 1435 QL 0 QW 0 QH 0 QZN 0 GL 0 GW 0 GH 0 GZN 0 XZJ 0
2017-03-14 14:23:25,546 [car_out]-[DEBUG] 2017-03-14 14:23:10,828 W 2469 H 3813 L 6947 C 0 T 8680 B 0 ZN 3 Z0 3212 Z1 1392 QL 0 QW 0 QH 0 QZN 0 GL 0 GW 0 GH 0 GZN 0 XZJ 0
2017-03-14 14:23:48,656 [car_out]-[DEBUG] 2017-03-14 14:23:44,734 W 2469 H 3806 L 6925 C 0 T 6625 B 0 ZN 3 Z0 3223 Z1 1370 QL 0 QW 0 QH 0 QZN 0 GL 0 GW 0 GH 0 GZN 0 XZJ 0
2017-03-14 14:27:10,015 [car_out]-[DEBUG] 2017-03-14 14:27:04,984 W 2490 H 3834 L 6931 C 0 T 11074 B 0 ZN 3 Z0 3265 Z1 1426 QL 0 QW 0 QH 0 QZN 0 GL 0 GW 0 GH 0 GZN 0 XZJ 0
2017-03-14 14:28:42,125 [car_out]-[DEBUG] 2017-03-14 14:28:29,703 W 2483 H 3824 L 6963 C 0 T 7407 B 0 ZN 3 Z0 3213 Z1 1422 QL 0 QW 0 QH 0 QZN 0 GL 0 GW 0 GH 0 GZN 0 XZJ 0
2017-03-14 14:29:07,218 [car_out]-[DEBUG] 2017-03-14 14:29:02,984 W 2476 H 3849 L 6955 C 0 T 7977 B 0 ZN 3 Z0 3202 Z1 1381 QL 0 QW 0 QH 0 QZN 0 GL 0 GW 0 GH 0 GZN 0 XZJ 0
2017-03-14 14:32:26,750 [car_out]-[DEBUG] 2017-03-14 14:32:22,843 W 2467 H 3514 L 7055 C 0 T 7406 B 0 ZN 2 Z0 3470 QL 0 QW 0 QH 0 QZN 0 GL 0 GW 0 GH 0 GZN 0 XZJ 0
2017-03-14 14:34:02,031 [car_out]-[DEBUG] 2017-03-14 14:33:46,421 W 2462 H 3514 L 7045 C 0 T 10156 B 0 ZN 3 Z0 3404 Z1 1351 QL 0 QW 0 QH 0 QZN 0 GL 0 GW 0 GH 0 GZN 0 XZJ 0
2017-03-14 14:34:23,296 [car_out]-[DEBUG] 2017-03-14 14:34:19,343 W 2461 H 3516 L 7039 C 0 T 6841 B 0 ZN 2 Z0 3467 QL 0 QW 0 QH 0 QZN 0 GL 0 GW 0 GH 0 GZN 0 XZJ 0
2017-03-14 14:35:30,468 [car_out]-[DEBUG] 2017-03-14 14:35:19,078 W 2472 H 3515 L 7019 C 0 T 6911 B 0 ZN 3 Z0 3468 Z1 1352 QL 0 QW 0 QH 0 QZN 0 GL 0 GW 0 GH 0 GZN 0 XZJ 0
2017-03-14 14:35:47,562 [car_out]-[DEBUG] 2017-03-14 14:35:44,265 W 2451 H 3512 L 7028 C 0 T 4047 B 0 ZN 2 Z0 3642 QL 0 QW 0 QH 0 QZN 0 GL 0 GW 0 GH 0 GZN 0 XZJ 0
2017-03-14 14:37:17,312 [car_out]-[DEBUG] 2017-03-14 14:37:05,390 W 2469 H 3515 L 7018 C 0 T 7341 B 0 ZN 3 Z0 3437 Z1 1351 QL 0 QW 0 QH 0 QZN 0 GL 0 GW 0 GH 0 GZN 0 XZJ 0
2017-03-14 14:38:09,796 [car_out]-[DEBUG] 2017-03-14 14:38:05,593 W 2462 H 3519 L 7060 C 0 T 8358 B 0 ZN 3 Z0 3469 Z1 1333 QL 0 QW 0 QH 0 QZN 0 GL 0 GW 0 GH 0 GZN 0 XZJ 0
2017-03-14 14:40:03,265 [car_out]-[DEBUG] 2017-03-14 14:39:59,781 W 2583 H 3829 L 7027 C 0 T 5576 B 0 ZN 2 Z0 3453 QL 0 QW 0 QH 0 QZN 0 GL 0 GW 0 GH 0 GZN 0 XZJ 0
2017-03-14 14:44:22,781 [car_out]-[DEBUG] 2017-03-14 14:44:16,859 W 2559 H 3796 L 9037 C 0 T 8456 B 0 ZN 2 Z0 5005 QL 0 QW 0 QH 0 QZN 0 GL 0 GW 0 GH 0 GZN 0 XZJ 0
2017-03-14 14:45:38,343 [car_out]-[DEBUG] 2017-03-14 14:45:15,531 W 2559 H 3800 L 9044 C 0 T 16217 B 2641 ZN 2 Z0 4826 QL 0 QW 0 QH 0 QZN 0 GL 0 GW 0 GH 0 GZN 0 XZJ 0
2017-03-14 14:46:38,906 [car_out]-[DEBUG] 2017-03-14 14:46:34,140 W 2557 H 3794 L 9007 C 0 T 8442 B 0 ZN 2 Z0 5004 QL 0 QW 0 QH 0 QZN 0 GL 0 GW 0 GH 0 GZN 0 XZJ 0
2017-03-14 14:48:46,031 [car_out]-[DEBUG] 2017-03-14 14:48:28,125 W 2558 H 3800 L 9022 C 0 T 11754 B 2640 ZN 2 Z0 4832 QL 0 QW 0 QH 0 QZN 0 GL 0 GW 0 GH 0 GZN 0 XZJ 0
2017-03-14 14:51:02,328 [car_out]-[DEBUG] 2017-03-14 14:50:57,359 W 2561 H 3874 L 9020 C 0 T 8441 B 0 ZN 2 Z0 4993 QL 0 QW 0 QH 0 QZN 0 GL 0 GW 0 GH 0 GZN 0 XZJ 0
2017-03-14 14:53:07,906 [car_out]-[DEBUG] 2017-03-14 14:52:53,968 W 2554 H 3869 L 9011 C 0 T 8790 B 0 ZN 2 Z0 4974 QL 0 QW 0 QH 0 QZN 0 GL 0 GW 0 GH 0 GZN 0 XZJ 0
2017-03-14 14:54:02,953 [car_out]-[DEBUG] 2017-03-14 14:53:58,437 W 2559 H 3871 L 9000 C 0 T 8440 B 2296 ZN 2 Z0 4995 QL 0 QW 0 QH 0 QZN 0 GL 0 GW 0 GH 0 GZN 0 XZJ 0
2017-03-14 14:56:10,625 [car_out]-[DEBUG] 2017-03-14 14:55:54,515 W 2587 H 3830 L 7063 C 0 T 10154 B 0 ZN 3 Z0 3289 Z1 1290 QL 0 QW 0 QH 0 QZN 0 GL 0 GW 0 GH 0 GZN 0 XZJ 0
2017-03-14 14:57:21,203 [car_out]-[DEBUG] 2017-03-14 14:57:17,750 W 2533 H 3829 L 7004 C 0 T 5317 B 0 ZN 2 Z0 3464 QL 0 QW 0 QH 0 QZN 0 GL 0 GW 0 GH 0 GZN 0 XZJ 0
2017-03-14 14:58:26,921 [car_out]-[DEBUG] 2017-03-14 14:58:13,437 W 2541 H 3827 L 7008 C 0 T 8656 B 0 ZN 3 Z0 3447 Z1 1350 QL 0 QW 0 QH 0 QZN 0 GL 0 GW 0 GH 0 GZN 0 XZJ 0
2017-03-14 14:59:44,515 [car_out]-[DEBUG] 2017-03-14 14:59:40,968 W 2537 H 3831 L 7010 C 0 T 5357 B 0 ZN 2 Z0 3459 QL 0 QW 0 QH 0 QZN 0 GL 0 GW 0 GH 0 GZN 0 XZJ 0
2017-03-14 15:02:57,734 [car_out]-[DEBUG] 2017-03-14 15:02:47,203 W 2519 H 3832 L 7002 C 0 T 5629 B 0 ZN 3 Z0 3458 Z1 1353 QL 0 QW 0 QH 0 QZN 0 GL 0 GW 0 GH 0 GZN 0 XZJ 0
2017-03-14 15:03:25,265 [car_out]-[DEBUG] 2017-03-14 15:03:21,828 W 2505 H 3832 L 7001 C 0 T 4679 B 0 ZN 2 Z0 3488 QL 0 QW 0 QH 0 QZN 0 GL 0 GW 0 GH 0 GZN 0 XZJ 0
2017-03-14 15:06:45,593 [car_out]-[DEBUG] 2017-03-14 15:06:41,406 W 2550 H 4001 L 12042 C 0 T 7659 B 2313 ZN 4 Z0 1763 Z1 4726 Z2 1334 QL 0 QW 0 QH 0 QZN 0 GL 0 GW 0 GH 0 GZN 0 XZJ 0
2017-03-14 15:09:05,828 [car_out]-[DEBUG] 2017-03-14 15:08:42,765 W 2552 H 3937 L 12043 C 0 T 15466 B 2288 ZN 4 Z0 1808 Z1 4715 Z2 1320 QL 0 QW 0 QH 0 QZN 0 GL 0 GW 0 GH 0 GZN 0 XZJ 0
2017-03-14 15:09:23,093 [car_out]-[DEBUG] 2017-03-14 15:09:17,984 W 2546 H 3936 L 12063 C 0 T 9802 B 2285 ZN 4 Z0 1813 Z1 4693 Z2 1325 QL 0 QW 0 QH 0 QZN 0 GL 0 GW 0 GH 0 GZN 0 XZJ 0
2017-03-14 15:13:50,515 [car_out]-[DEBUG] 2017-03-14 15:13:45,671 W 2471 H 3987 L 12103 C 0 T 11371 B 2332 ZN 4 Z0 1791 Z1 4704 Z2 1333 QL 0 QW 0 QH 0 QZN 0 GL 0 GW 0 GH 0 GZN 0 XZJ 0
2017-03-14 15:15:18,609 [car_out]-[DEBUG] 2017-03-14 15:14:50,734 W 2466 H 3985 L 12107 C 0 T 18103 B 2345 ZN 4 Z0 1799 Z1 4694 Z2 1341 QL 0 QW 0 QH 0 QZN 0 GL 0 GW 0 GH 0 GZN 0 XZJ 0
2017-03-14 15:40:31,671 [car_out]-[DEBUG] 2017-03-14 15:40:13,953 W 2469 H 3977 L 12101 C 0 T 11870 B 2308 ZN 4 Z0 1819 Z1 4717 Z2 1344 QL 0 QW 0 QH 0 QZN 0 GL 0 GW 0 GH 0 GZN 0 XZJ 0
2017-03-14 15:40:54,796 [car_out]-[DEBUG] 2017-03-14 15:40:49,906 W 2464 H 3983 L 12112 C 0 T 11207 B 2324 ZN 4 Z0 1815 Z1 4708 Z2 1337 QL 0 QW 0 QH 0 QZN 0 GL 0 GW 0 GH 0 GZN 0 XZJ 0
2017-03-14 15:50:59,468 [car_out]-[DEBUG] 2017-03-14 15:50:42,625 W 2463 H 3981 L 12098 C 0 T 11355 B 0 ZN 4 Z0 1797 Z1 4701 Z2 1335 QL 0 QW 0 QH 0 QZN 0 GL 0 GW 0 GH 0 GZN 0 XZJ 0
2017-03-14 15:51:20,781 [car_out]-[DEBUG] 2017-03-14 15:51:15,953 W 2463 H 3983 L 12097 C 0 T 10742 B 0 ZN 4 Z0 1811 Z1 4723 Z2 1331 QL 0 QW 0 QH 0 QZN 0 GL 0 GW 0 GH 0 GZN 0 XZJ 0
2017-03-14 15:52:31,171 [car_out]-[DEBUG] 2017-03-14 15:52:13,265 W 2469 H 3982 L 12060 C 0 T 12154 B 2343 ZN 4 Z0 1624 Z1 4677 Z2 1339 QL 0 QW 0 QH 0 QZN 0 GL 0 GW 0 GH 0 GZN 0 XZJ 0
2017-03-14 15:52:54,562 [car_out]-[DEBUG] 2017-03-14 15:52:49,640 W 2459 H 3982 L 12089 C 0 T 10188 B 2315 ZN 4 Z0 1820 Z1 4717 Z2 1359 QL 0 QW 0 QH 0 QZN 0 GL 0 GW 0 GH 0 GZN 0 XZJ 0
2017-03-14 15:55:57,312 [car_out]-[DEBUG] 2017-03-14 15:55:51,625 W 2445 H 3442 L 7422 C 0 T 6162 B 2245 ZN 2 Z0 4213 QL 0 QW 0 QH 0 QZN 0 GL 0 GW 0 GH 0 GZN 0 XZJ 0
2017-03-14 15:57:03,250 [car_out]-[DEBUG] 2017-03-14 15:56:44,015 W 2443 H 3444 L 7426 C 0 T 13640 B 2209 ZN 2 Z0 4218 QL 0 QW 0 QH 0 QZN 0 GL 0 GW 0 GH 0 GZN 0 XZJ 0
2017-03-14 15:58:45,281 [car_out]-[DEBUG] 2017-03-14 15:58:41,625 W 2444 H 3437 L 7417 C 0 T 6093 B 2219 ZN 2 Z0 4208 QL 0 QW 0 QH 0 QZN 0 GL 0 GW 0 GH 0 GZN 0 XZJ 0
2017-03-14 16:00:46,937 [car_out]-[DEBUG] 2017-03-14 16:00:29,312 W 2441 H 3505 L 7441 C 0 T 11869 B 2234 ZN 2 Z0 4141 QL 0 QW 0 QH 0 QZN 0 GL 0 GW 0 GH 0 GZN 0 XZJ 0
2017-03-14 16:01:57,156 [car_out]-[DEBUG] 2017-03-14 16:01:53,203 W 2446 H 3504 L 7448 C 0 T 6402 B 2213 ZN 2 Z0 4201 QL 0 QW 0 QH 0 QZN 0 GL 0 GW 0 GH 0 GZN 0 XZJ 0
2017-03-14 16:07:04,078 [car_out]-[DEBUG] 2017-03-14 16:06:59,468 W 2468 H 3747 L 9033 C 0 T 10721 B 0 ZN 2 Z0 5302 QL 0 QW 0 QH 0 QZN 0 GL 0 GW 0 GH 0 GZN 0 XZJ 0
2017-03-14 16:08:43,015 [car_out]-[DEBUG] 2017-03-14 16:08:25,218 W 2465 H 3744 L 9043 C 0 T 11353 B 2082 ZN 2 Z0 5259 QL 0 QW 0 QH 0 QZN 0 GL 0 GW 0 GH 0 GZN 0 XZJ 0
2017-03-14 16:09:15,593 [car_out]-[DEBUG] 2017-03-14 16:09:10,187 W 2466 H 3747 L 9034 C 0 T 11771 B 0 ZN 2 Z0 5295 QL 0 QW 0 QH 0 QZN 0 GL 0 GW 0 GH 0 GZN 0 XZJ 0
2017-03-14 16:10:40,546 [car_out]-[DEBUG] 2017-03-14 16:10:21,968 W 2470 H 3742 L 9045 C 0 T 12333 B 2048 ZN 2 Z0 5273 QL 0 QW 0 QH 0 QZN 0 GL 0 GW 0 GH 0 GZN 0 XZJ 0
2017-03-14 16:11:18,640 [car_out]-[DEBUG] 2017-03-14 16:11:13,187 W 2470 H 3744 L 9022 C 0 T 11372 B 0 ZN 2 Z0 5324 QL 0 QW 0 QH 0 QZN 0 GL 0 GW 0 GH 0 GZN 0 XZJ 0
2017-03-14 16:15:39,375 [car_out]-[DEBUG] 2017-03-14 16:15:19,812 W 2465 H 3754 L 9043 C 0 T 12109 B 2014 ZN 2 Z0 5299 QL 0 QW 0 QH 0 QZN 0 GL 0 GW 0 GH 0 GZN 0 XZJ 0
2017-03-14 16:16:06,718 [car_out]-[DEBUG] 2017-03-14 16:16:01,093 W 2467 H 3751 L 9059 C 0 T 12334 B 0 ZN 2 Z0 5294 QL 0 QW 0 QH 0 QZN 0 GL 0 GW 0 GH 0 GZN 0 XZJ 0
2017-03-14 16:18:30,515 [car_out]-[DEBUG] 2017-03-14 16:18:12,984 W 2467 H 3749 L 9049 C 0 T 11537 B 2033 ZN 3 Z0 5295 Z1 9981 QL 0 QW 0 QH 0 QZN 0 GL 0 GW 0 GH 0 GZN 0 XZJ 0
2017-03-14 16:19:06,281 [car_out]-[DEBUG] 2017-03-14 16:19:01,250 W 2467 H 3754 L 9069 C 0 T 10979 B 0 ZN 2 Z0 5278 QL 0 QW 0 QH 0 QZN 0 GL 0 GW 0 GH 0 GZN 0 XZJ 0
2017-03-14 16:20:07,531 [car_out]-[DEBUG] 2017-03-14 16:19:47,656 W 2470 H 3754 L 9073 C 0 T 13635 B 2018 ZN 2 Z0 5287 QL 0 QW 0 QH 0 QZN 0 GL 0 GW 0 GH 0 GZN 0 XZJ 0
2017-03-14 16:20:35,937 [car_out]-[DEBUG] 2017-03-14 16:20:30,734 W 2465 H 3750 L 9082 C 0 T 11434 B 0 ZN 2 Z0 5300 QL 0 QW 0 QH 0 QZN 0 GL 0 GW 0 GH 0 GZN 0 XZJ 0
2017-03-14 16:22:50,187 [car_out]-[DEBUG] 2017-03-14 16:22:27,406 W 2372 H 3763 L 9096 C 0 T 16139 B 2009 ZN 2 Z0 5249 QL 0 QW 0 QH 0 QZN 0 GL 0 GW 0 GH 0 GZN 0 XZJ 0
2017-03-14 16:23:30,421 [car_out]-[DEBUG] 2017-03-14 16:23:25,640 W 2361 H 3760 L 9020 C 0 T 12404 B 0 ZN 2 Z0 5303 QL 0 QW 0 QH 0 QZN 0 GL 0 GW 0 GH 0 GZN 0 XZJ 0
2017-03-14 16:26:55,953 [car_out]-[DEBUG] 2017-03-14 16:26:37,312 W 2461 H 3758 L 9009 C 0 T 11452 B 2002 ZN 2 Z0 5289 QL 0 QW 0 QH 0 QZN 0 GL 0 GW 0 GH 0 GZN 0 XZJ 0
2017-03-14 16:27:47,328 [car_out]-[DEBUG] 2017-03-14 16:27:42,015 W 2482 H 3763 L 9034 C 0 T 11039 B 0 ZN 2 Z0 5270 QL 0 QW 0 QH 0 QZN 0 GL 0 GW 0 GH 0 GZN 0 XZJ 0
2017-03-14 16:32:34,625 [car_out]-[DEBUG] 2017-03-14 16:32:30,281 W 2525 H 4076 L 9807 C 0 T 6975 B 0 ZN 3 Z0 4165 Z1 1347 QL 0 QW 0 QH 0 QZN 0 GL 0 GW 0 GH 0 GZN 0 XZJ 0
2017-03-14 16:42:22,593 [car_out]-[DEBUG] 2017-03-14 16:42:17,406 W 2583 H 3343 L 16654 C 0 T 13286 B 1628 ZN 6 Z0 1704 Z1 2442 Z2 5849 Z3 1315 Z4 1278 QL 0 QW 0 QH 0 QZN 0 GL 12907 GW 2583 GH 3096 GZN 3 GZ0 1315 GZ1 1278 XZJ 0
2017-03-14 16:46:53,937 [car_out]-[DEBUG] 2017-03-14 16:46:08,031 W 2590 H 3347 L 16630 C 0 T 25174 B 1592 ZN 6 Z0 1669 Z1 2474 Z2 5831 Z3 1311 Z4 1286 QL 0 QW 0 QH 0 QZN 0 GL 11566 GW 2590 GH 3077 GZN 3 GZ0 1311 GZ1 1286 XZJ 0
2017-03-14 17:01:58,265 [car_out]-[DEBUG] 2017-03-14 17:01:46,421 W 1908 H 2677 L 23190 C 0 T 8526 B 0 ZN 1 QL 0 QW 0 QH 0 QZN 0 GL 0 GW 0 GH 0 GZN 0 XZJ 0
2017-03-14 17:02:31,703 [car_out]-[DEBUG] 2017-03-14 17:02:28,546 W 1941 H 2676 L 5955 C 0 T 4395 B 0 ZN 2 Z0 3504 QL 0 QW 0 QH 0 QZN 0 GL 0 GW 0 GH 0 GZN 0 XZJ 0
2017-03-14 17:04:51,609 [car_out]-[DEBUG] 2017-03-14 17:04:41,875 W 1950 H 2678 L 5967 C 0 T 5543 B 0 ZN 2 Z0 3161 QL 0 QW 0 QH 0 QZN 0 GL 0 GW 0 GH 0 GZN 0 XZJ 0
2017-03-14 17:05:07,484 [car_out]-[DEBUG] 2017-03-14 17:05:04,796 W 1925 H 2671 L 5956 C 0 T 3213 B 0 ZN 2 Z0 3404 QL 0 QW 0 QH 0 QZN 0 GL 0 GW 0 GH 0 GZN 0 XZJ 0
2017-03-14 17:09:01,671 [car_out]-[DEBUG] 2017-03-14 17:08:47,078 W 2521 H 3958 L 9794 C 0 T 8021 B 0 ZN 3 Z0 4079 Z1 1341 QL 0 QW 0 QH 0 QZN 0 GL 0 GW 0 GH 0 GZN 0 XZJ 0
