#
# A fatal error has been detected by the Java Runtime Environment:
#
#  EXCEPTION_ACCESS_VIOLATION (0xc0000005) at pc=0x766f43f9, pid=6048, tid=0x000010b4
#
# JRE version: Java(TM) SE Runtime Environment (8.0_111-b14) (build 1.8.0_111-b14)
# Java VM: Java HotSpot(TM) Client VM (25.111-b14 mixed mode windows-x86 )
# Problematic frame:
# C  [msvcrt.dll+0x143f9]
#
# Failed to write core dump. Minidumps are not enabled by default on client versions of Windows
#
# If you would like to submit a bug report, please visit:
#   http://bugreport.java.com/bugreport/crash.jsp
# The crash happened outside the Java Virtual Machine in native code.
# See problematic frame for where to report the bug.
#

---------------  T H R E A D  ---------------

Current thread (0x04901800):  JavaThread "AWT-EventQueue-0" [_thread_in_native, id=4276, stack(0x050c0000,0x05110000)]

siginfo: ExceptionCode=0xc0000005, reading address 0x00000004

Registers:
EAX=0x00000004, EBX=0x0a6695f0, ECX=0x00000004, EDX=0x00000000
ESP=0x0510e68c, EBP=0x0510e778, ESI=0x0a6695f0, EDI=0x04901800
EIP=0x766f43f9, EFLAGS=0x00010246

Top of Stack: (sp=0x0510e68c)
0x0510e68c:   07b9651f 00000004 01ad2580 04010000
0x0510e69c:   0510e64c 00000000 00000000 00000000
0x0510e6ac:   00000000 00000000 00000000 00000000
0x0510e6bc:   00000000 61020000 0510e64c 00000000
0x0510e6cc:   00000000 01ad2580 00000400 0510e6e0
0x0510e6dc:   61e954a3 00000000 61d5c88b 00000000
0x0510e6ec:   00000000 04877100 00000000 04877140
0x0510e6fc:   00000000 00000000 0490cc00 00000000 

Instructions: (pc=0x766f43f9)
0x766f43d9:   03 00 00 00 74 1a 8a 01 83 c1 01 84 c0 74 4c f7
0x766f43e9:   c1 03 00 00 00 75 ef 83 c0 00 8d 24 24 8d 24 24
0x766f43f9:   8b 01 ba ff fe fe 7e 03 d0 83 f0 ff 33 c2 83 c1
0x766f4409:   04 a9 00 01 01 81 74 e8 8b 41 fc 84 c0 74 26 84 


Register to memory mapping:

EAX=0x00000004 is an unknown value
EBX={method} {0x0a6695f4} '_getString' '(JZ)Ljava/lang/String;' in 'com/sun/jna/Pointer'
ECX=0x00000004 is an unknown value
EDX=0x00000000 is an unknown value
ESP=0x0510e68c is pointing into the stack for thread: 0x04901800
EBP=0x0510e778 is pointing into the stack for thread: 0x04901800
ESI={method} {0x0a6695f4} '_getString' '(JZ)Ljava/lang/String;' in 'com/sun/jna/Pointer'
EDI=0x04901800 is a thread


Stack: [0x050c0000,0x05110000],  sp=0x0510e68c,  free space=313k
Native frames: (J=compiled Java code, j=interpreted, Vv=VM code, C=native code)
C  [msvcrt.dll+0x143f9]
C  [jna1843450564139976114.tmp+0x5806]
j  com.sun.jna.Pointer._getString(JZ)Ljava/lang/String;+0
j  com.sun.jna.Pointer.getString(JZ)Ljava/lang/String;+7
j  com.sun.jna.Pointer.getString(J)Ljava/lang/String;+90
j  com.sun.jna.Function.invokeString(I[Ljava/lang/Object;Z)Ljava/lang/String;+35
j  com.sun.jna.Function.invoke([Ljava/lang/Object;Ljava/lang/Class;)Ljava/lang/Object;+507
j  com.sun.jna.Function.invoke(Ljava/lang/Class;[Ljava/lang/Object;Ljava/util/Map;)Ljava/lang/Object;+194
j  com.sun.jna.Library$Handler.invoke(Ljava/lang/Object;Ljava/lang/reflect/Method;[Ljava/lang/Object;)Ljava/lang/Object;+344
j  com.sun.proxy.$Proxy0.queryObjectOut(Ljava/lang/String;Ljava/lang/String;Ljava/lang/String;Ljava/lang/String;Ljava/lang/String;Ljava/lang/String;)Ljava/lang/String;+40
j  CustomerProtocol.CustomerProtocol_DLL_GXCZJ.queryDetectionList()V+22
j  AppFrame.contourDetection.ContourDetectionTabPanelMain1$2.actionPerformed(Ljava/awt/event/ActionEvent;)V+9
j  javax.swing.AbstractButton.fireActionPerformed(Ljava/awt/event/ActionEvent;)V+83
j  javax.swing.AbstractButton$Handler.actionPerformed(Ljava/awt/event/ActionEvent;)V+5
j  javax.swing.DefaultButtonModel.fireActionPerformed(Ljava/awt/event/ActionEvent;)V+34
j  javax.swing.DefaultButtonModel.setPressed(Z)V+117
j  javax.swing.plaf.basic.BasicButtonListener.mouseReleased(Ljava/awt/event/MouseEvent;)V+35
j  java.awt.Component.processMouseEvent(Ljava/awt/event/MouseEvent;)V+64
j  javax.swing.JComponent.processMouseEvent(Ljava/awt/event/MouseEvent;)V+23
j  java.awt.Component.processEvent(Ljava/awt/AWTEvent;)V+81
j  java.awt.Container.processEvent(Ljava/awt/AWTEvent;)V+18
j  java.awt.Component.dispatchEventImpl(Ljava/awt/AWTEvent;)V+589
j  java.awt.Container.dispatchEventImpl(Ljava/awt/AWTEvent;)V+42
j  java.awt.Component.dispatchEvent(Ljava/awt/AWTEvent;)V+2
j  java.awt.LightweightDispatcher.retargetMouseEvent(Ljava/awt/Component;ILjava/awt/event/MouseEvent;)V+327
j  java.awt.LightweightDispatcher.processMouseEvent(Ljava/awt/event/MouseEvent;)Z+155
j  java.awt.LightweightDispatcher.dispatchEvent(Ljava/awt/AWTEvent;)Z+50
j  java.awt.Container.dispatchEventImpl(Ljava/awt/AWTEvent;)V+12
j  java.awt.Window.dispatchEventImpl(Ljava/awt/AWTEvent;)V+19
j  java.awt.Component.dispatchEvent(Ljava/awt/AWTEvent;)V+2
j  java.awt.EventQueue.dispatchEventImpl(Ljava/awt/AWTEvent;Ljava/lang/Object;)V+41
j  java.awt.EventQueue.access$500(Ljava/awt/EventQueue;Ljava/awt/AWTEvent;Ljava/lang/Object;)V+3
j  java.awt.EventQueue$3.run()Ljava/lang/Void;+32
j  java.awt.EventQueue$3.run()Ljava/lang/Object;+1
v  ~StubRoutines::call_stub
V  [jvm.dll+0x15a895]
V  [jvm.dll+0x220bfe]
V  [jvm.dll+0x15a92e]
V  [jvm.dll+0x10aeaf]
C  [java.dll+0x102f]
j  java.security.ProtectionDomain$JavaSecurityAccessImpl.doIntersectionPrivilege(Ljava/security/PrivilegedAction;Ljava/security/AccessControlContext;Ljava/security/AccessControlContext;)Ljava/lang/Object;+18
j  java.security.ProtectionDomain$JavaSecurityAccessImpl.doIntersectionPrivilege(Ljava/security/PrivilegedAction;Ljava/security/AccessControlContext;)Ljava/lang/Object;+6
j  java.awt.EventQueue$4.run()Ljava/lang/Void;+11
j  java.awt.EventQueue$4.run()Ljava/lang/Object;+1
v  ~StubRoutines::call_stub
V  [jvm.dll+0x15a895]
V  [jvm.dll+0x220bfe]
V  [jvm.dll+0x15a92e]
V  [jvm.dll+0x10aeaf]
C  [java.dll+0x102f]
j  java.security.ProtectionDomain$JavaSecurityAccessImpl.doIntersectionPrivilege(Ljava/security/PrivilegedAction;Ljava/security/AccessControlContext;Ljava/security/AccessControlContext;)Ljava/lang/Object;+18
j  java.awt.EventQueue.dispatchEvent(Ljava/awt/AWTEvent;)V+73
j  java.awt.EventDispatchThread.pumpOneEventForFilters(I)V+245
j  java.awt.EventDispatchThread.pumpEventsForFilter(ILjava/awt/Conditional;Ljava/awt/EventFilter;)V+35
j  java.awt.EventDispatchThread.pumpEventsForHierarchy(ILjava/awt/Conditional;Ljava/awt/Component;)V+11
j  java.awt.EventDispatchThread.pumpEvents(ILjava/awt/Conditional;)V+4
j  java.awt.EventDispatchThread.pumpEvents(Ljava/awt/Conditional;)V+3
j  java.awt.EventDispatchThread.run()V+9
v  ~StubRoutines::call_stub
V  [jvm.dll+0x15a895]
V  [jvm.dll+0x220bfe]
V  [jvm.dll+0x15a92e]
V  [jvm.dll+0x15aab6]
V  [jvm.dll+0x15ab27]
V  [jvm.dll+0xfef8f]
V  [jvm.dll+0x17d6f0]
V  [jvm.dll+0x17df6a]
V  [jvm.dll+0x1c29c6]
C  [msvcr100.dll+0x5c556]
C  [msvcr100.dll+0x5c600]
C  [kernel32.dll+0x4ef1c]
C  [ntdll.dll+0x63648]
C  [ntdll.dll+0x6361b]
C  0x00000000

Java frames: (J=compiled Java code, j=interpreted, Vv=VM code)
j  com.sun.jna.Pointer._getString(JZ)Ljava/lang/String;+0
j  com.sun.jna.Pointer.getString(JZ)Ljava/lang/String;+7
j  com.sun.jna.Pointer.getString(J)Ljava/lang/String;+90
j  com.sun.jna.Function.invokeString(I[Ljava/lang/Object;Z)Ljava/lang/String;+35
j  com.sun.jna.Function.invoke([Ljava/lang/Object;Ljava/lang/Class;)Ljava/lang/Object;+507
j  com.sun.jna.Function.invoke(Ljava/lang/Class;[Ljava/lang/Object;Ljava/util/Map;)Ljava/lang/Object;+194
j  com.sun.jna.Library$Handler.invoke(Ljava/lang/Object;Ljava/lang/reflect/Method;[Ljava/lang/Object;)Ljava/lang/Object;+344
j  com.sun.proxy.$Proxy0.queryObjectOut(Ljava/lang/String;Ljava/lang/String;Ljava/lang/String;Ljava/lang/String;Ljava/lang/String;Ljava/lang/String;)Ljava/lang/String;+40
j  CustomerProtocol.CustomerProtocol_DLL_GXCZJ.queryDetectionList()V+22
j  AppFrame.contourDetection.ContourDetectionTabPanelMain1$2.actionPerformed(Ljava/awt/event/ActionEvent;)V+9
j  javax.swing.AbstractButton.fireActionPerformed(Ljava/awt/event/ActionEvent;)V+83
j  javax.swing.AbstractButton$Handler.actionPerformed(Ljava/awt/event/ActionEvent;)V+5
j  javax.swing.DefaultButtonModel.fireActionPerformed(Ljava/awt/event/ActionEvent;)V+34
j  javax.swing.DefaultButtonModel.setPressed(Z)V+117
j  javax.swing.plaf.basic.BasicButtonListener.mouseReleased(Ljava/awt/event/MouseEvent;)V+35
j  java.awt.Component.processMouseEvent(Ljava/awt/event/MouseEvent;)V+64
j  javax.swing.JComponent.processMouseEvent(Ljava/awt/event/MouseEvent;)V+23
j  java.awt.Component.processEvent(Ljava/awt/AWTEvent;)V+81
j  java.awt.Container.processEvent(Ljava/awt/AWTEvent;)V+18
j  java.awt.Component.dispatchEventImpl(Ljava/awt/AWTEvent;)V+589
j  java.awt.Container.dispatchEventImpl(Ljava/awt/AWTEvent;)V+42
j  java.awt.Component.dispatchEvent(Ljava/awt/AWTEvent;)V+2
j  java.awt.LightweightDispatcher.retargetMouseEvent(Ljava/awt/Component;ILjava/awt/event/MouseEvent;)V+327
j  java.awt.LightweightDispatcher.processMouseEvent(Ljava/awt/event/MouseEvent;)Z+155
j  java.awt.LightweightDispatcher.dispatchEvent(Ljava/awt/AWTEvent;)Z+50
j  java.awt.Container.dispatchEventImpl(Ljava/awt/AWTEvent;)V+12
j  java.awt.Window.dispatchEventImpl(Ljava/awt/AWTEvent;)V+19
j  java.awt.Component.dispatchEvent(Ljava/awt/AWTEvent;)V+2
j  java.awt.EventQueue.dispatchEventImpl(Ljava/awt/AWTEvent;Ljava/lang/Object;)V+41
j  java.awt.EventQueue.access$500(Ljava/awt/EventQueue;Ljava/awt/AWTEvent;Ljava/lang/Object;)V+3
j  java.awt.EventQueue$3.run()Ljava/lang/Void;+32
j  java.awt.EventQueue$3.run()Ljava/lang/Object;+1
v  ~StubRoutines::call_stub
j  java.security.AccessController.doPrivileged(Ljava/security/PrivilegedAction;Ljava/security/AccessControlContext;)Ljava/lang/Object;+0
j  java.security.ProtectionDomain$JavaSecurityAccessImpl.doIntersectionPrivilege(Ljava/security/PrivilegedAction;Ljava/security/AccessControlContext;Ljava/security/AccessControlContext;)Ljava/lang/Object;+18
j  java.security.ProtectionDomain$JavaSecurityAccessImpl.doIntersectionPrivilege(Ljava/security/PrivilegedAction;Ljava/security/AccessControlContext;)Ljava/lang/Object;+6
j  java.awt.EventQueue$4.run()Ljava/lang/Void;+11
j  java.awt.EventQueue$4.run()Ljava/lang/Object;+1
v  ~StubRoutines::call_stub
j  java.security.AccessController.doPrivileged(Ljava/security/PrivilegedAction;Ljava/security/AccessControlContext;)Ljava/lang/Object;+0
j  java.security.ProtectionDomain$JavaSecurityAccessImpl.doIntersectionPrivilege(Ljava/security/PrivilegedAction;Ljava/security/AccessControlContext;Ljava/security/AccessControlContext;)Ljava/lang/Object;+18
j  java.awt.EventQueue.dispatchEvent(Ljava/awt/AWTEvent;)V+73
j  java.awt.EventDispatchThread.pumpOneEventForFilters(I)V+245
j  java.awt.EventDispatchThread.pumpEventsForFilter(ILjava/awt/Conditional;Ljava/awt/EventFilter;)V+35
j  java.awt.EventDispatchThread.pumpEventsForHierarchy(ILjava/awt/Conditional;Ljava/awt/Component;)V+11
j  java.awt.EventDispatchThread.pumpEvents(ILjava/awt/Conditional;)V+4
j  java.awt.EventDispatchThread.pumpEvents(Ljava/awt/Conditional;)V+3
j  java.awt.EventDispatchThread.run()V+9
v  ~StubRoutines::call_stub

---------------  P R O C E S S  ---------------

Java Threads: ( => current thread )
  0x081e2400 JavaThread "Timer-0" [_thread_blocked, id=1704, stack(0x091f0000,0x09240000)]
  0x081e1800 JavaThread "Thread-25" [_thread_blocked, id=5888, stack(0x05b60000,0x05bb0000)]
  0x049e2800 JavaThread "AWT-EventQueue-0-FPSAWTAnimator#00-Timer0" [_thread_blocked, id=4516, stack(0x08450000,0x084a0000)]
  0x049e2400 JavaThread "AWT-EventQueue-0-SharedResourceRunner" daemon [_thread_blocked, id=5112, stack(0x08890000,0x088e0000)]
  0x049e1c00 JavaThread "TimerQueue" daemon [_thread_blocked, id=3756, stack(0x08500000,0x08550000)]
  0x049e1400 JavaThread "Abandoned connection cleanup thread" daemon [_thread_blocked, id=264, stack(0x07bf0000,0x07c40000)]
  0x049e0800 JavaThread "Thread-22" [_thread_blocked, id=3332, stack(0x05ad0000,0x05b20000)]
  0x049e0400 JavaThread "Thread-20" [_thread_in_native, id=2992, stack(0x05cd0000,0x05d20000)]
  0x049dfc00 JavaThread "Thread-19" [_thread_in_native, id=3124, stack(0x056c0000,0x05710000)]
  0x049df800 JavaThread "Thread-18" [_thread_in_native, id=2820, stack(0x05110000,0x05160000)]
  0x049df000 JavaThread "Thread-17" [_thread_in_native, id=4288, stack(0x05480000,0x054d0000)]
  0x049de800 JavaThread "Thread-16" [_thread_in_native, id=3812, stack(0x05bb0000,0x05c00000)]
  0x049de400 JavaThread "Thread-15" [_thread_in_native, id=3924, stack(0x05770000,0x057c0000)]
  0x049ddc00 JavaThread "Thread-14" [_thread_blocked, id=2080, stack(0x05720000,0x05770000)]
  0x049dd800 JavaThread "Thread-13" [_thread_blocked, id=2652, stack(0x05560000,0x055b0000)]
  0x049dd000 JavaThread "Thread-12" [_thread_blocked, id=2656, stack(0x05630000,0x05680000)]
  0x049dcc00 JavaThread "Thread-11" [_thread_blocked, id=2584, stack(0x05430000,0x05480000)]
  0x049dc400 JavaThread "Thread-10" [_thread_blocked, id=3508, stack(0x054f0000,0x05540000)]
  0x049dbc00 JavaThread "Thread-9" [_thread_blocked, id=4232, stack(0x055b0000,0x05600000)]
  0x049db800 JavaThread "Thread-8" [_thread_blocked, id=4248, stack(0x04b70000,0x04bc0000)]
  0x049db000 JavaThread "Thread-7" [_thread_blocked, id=4244, stack(0x05200000,0x05250000)]
  0x049ac400 JavaThread "Thread-6" [_thread_blocked, id=4256, stack(0x051b0000,0x05200000)]
  0x049abc00 JavaThread "Thread-5" [_thread_blocked, id=6084, stack(0x053d0000,0x05420000)]
  0x049b4800 JavaThread "Thread-4" [_thread_blocked, id=4252, stack(0x05160000,0x051b0000)]
  0x049b4000 JavaThread "Thread-3" [_thread_blocked, id=4268, stack(0x05260000,0x052b0000)]
  0x049a4c00 JavaThread "Thread-2" [_thread_blocked, id=4264, stack(0x05330000,0x05380000)]
  0x049d6c00 JavaThread "Thread-1" [_thread_blocked, id=4272, stack(0x052c0000,0x05310000)]
  0x0188c800 JavaThread "DestroyJavaVM" [_thread_blocked, id=4284, stack(0x017e0000,0x01830000)]
=>0x04901800 JavaThread "AWT-EventQueue-0" [_thread_in_native, id=4276, stack(0x050c0000,0x05110000)]
  0x04876000 JavaThread "AWT-Windows" daemon [_thread_in_native, id=1272, stack(0x04620000,0x04670000)]
  0x04875800 JavaThread "AWT-Shutdown" [_thread_blocked, id=6120, stack(0x04c60000,0x04cb0000)]
  0x04872c00 JavaThread "Java2D Disposer" daemon [_thread_blocked, id=6116, stack(0x04b20000,0x04b70000)]
  0x04069c00 JavaThread "Service Thread" daemon [_thread_blocked, id=6096, stack(0x04450000,0x044a0000)]
  0x04039c00 JavaThread "C1 CompilerThread0" daemon [_thread_blocked, id=2924, stack(0x045a0000,0x045f0000)]
  0x04038c00 JavaThread "Attach Listener" daemon [_thread_blocked, id=6072, stack(0x042e0000,0x04330000)]
  0x04036000 JavaThread "Signal Dispatcher" daemon [_thread_blocked, id=4536, stack(0x04210000,0x04260000)]
  0x04016400 JavaThread "Finalizer" daemon [_thread_blocked, id=4532, stack(0x044d0000,0x04520000)]
  0x03ff0400 JavaThread "Reference Handler" daemon [_thread_blocked, id=2208, stack(0x04400000,0x04450000)]

Other Threads:
  0x03fea000 VMThread [stack: 0x04370000,0x043c0000] [id=5940]
  0x040bb800 WatcherThread [stack: 0x046b0000,0x04700000] [id=6108]

VM state:not at safepoint (normal execution)

VM Mutex/Monitor currently owned by a thread: None

Heap:
 def new generation   total 15488K, used 610K [0x0f200000, 0x102c0000, 0x14750000)
  eden space 13824K,   4% used [0x0f200000, 0x0f2988e8, 0x0ff80000)
  from space 1664K,   0% used [0x0ff80000, 0x0ff80000, 0x10120000)
  to   space 1664K,   0% used [0x10120000, 0x10120000, 0x102c0000)
 tenured generation   total 33992K, used 20393K [0x14750000, 0x16882000, 0x1f200000)
   the space 33992K,  59% used [0x14750000, 0x15b3a580, 0x15b3a600, 0x16882000)
 Metaspace       used 15921K, capacity 16132K, committed 16384K, reserved 16768K

Card table byte_map: [0x03a80000,0x03b10000] byte_map_base: 0x03a07000

Polling page: 0x00100000

CodeCache: size=32768Kb used=2249Kb max_used=2253Kb free=30518Kb
 bounds [0x01a80000, 0x01cb8000, 0x03a80000]
 total_blobs=1505 nmethods=1068 adapters=367
 compilation: enabled

Compilation events (10 events):
Event: 5.937 Thread 0x04039c00 1085   !         sun.java2d.SunGraphics2D::validateCompClip (224 bytes)
Event: 5.940 Thread 0x04039c00 nmethod 1085 0x01cb0ac8 code [0x01cb0cb0, 0x01cb1374]
Event: 5.945 Thread 0x04039c00 1086             java.awt.EventQueue::eventToCacheIndex (80 bytes)
Event: 5.946 Thread 0x04039c00 nmethod 1086 0x01c70548 code [0x01c70640, 0x01c70790]
Event: 6.201 Thread 0x04039c00 1087             java.awt.Component::getInputContext (16 bytes)
Event: 6.202 Thread 0x04039c00 nmethod 1087 0x01c70348 code [0x01c70450, 0x01c704fc]
Event: 6.221 Thread 0x04039c00 1088   !         java.awt.EventQueue::removeSourceEvents (294 bytes)
Event: 6.224 Thread 0x04039c00 nmethod 1088 0x01cb1a08 code [0x01cb1bd0, 0x01cb219c]
Event: 6.375 Thread 0x04039c00 1089             java.io.DataOutputStream::writeUTF (435 bytes)
Event: 6.376 Thread 0x04039c00 nmethod 1089 0x01cb2bc8 code [0x01cb2d90, 0x01cb378c]

GC Heap History (10 events):
Event: 3.242 GC heap before
{Heap before GC invocations=19 (full 1):
 def new generation   total 8448K, used 7733K [0x0f200000, 0x0fb20000, 0x14750000)
  eden space 7552K, 100% used [0x0f200000, 0x0f960000, 0x0f960000)
  from space 896K,  20% used [0x0f960000, 0x0f98d430, 0x0fa40000)
  to   space 896K,   0% used [0x0fa40000, 0x0fa40000, 0x0fb20000)
 tenured generation   total 18416K, used 13616K [0x14750000, 0x1594c000, 0x1f200000)
   the space 18416K,  73% used [0x14750000, 0x1549c340, 0x1549c400, 0x1594c000)
 Metaspace       used 13811K, capacity 14018K, committed 14208K, reserved 14720K
Event: 3.243 GC heap after
Heap after GC invocations=20 (full 1):
 def new generation   total 8448K, used 178K [0x0f200000, 0x0fb20000, 0x14750000)
  eden space 7552K,   0% used [0x0f200000, 0x0f200000, 0x0f960000)
  from space 896K,  19% used [0x0fa40000, 0x0fa6c890, 0x0fb20000)
  to   space 896K,   0% used [0x0f960000, 0x0f960000, 0x0fa40000)
 tenured generation   total 18416K, used 13616K [0x14750000, 0x1594c000, 0x1f200000)
   the space 18416K,  73% used [0x14750000, 0x1549c340, 0x1549c400, 0x1594c000)
 Metaspace       used 13811K, capacity 14018K, committed 14208K, reserved 14720K
}
Event: 3.293 GC heap before
{Heap before GC invocations=20 (full 1):
 def new generation   total 8448K, used 7730K [0x0f200000, 0x0fb20000, 0x14750000)
  eden space 7552K, 100% used [0x0f200000, 0x0f960000, 0x0f960000)
  from space 896K,  19% used [0x0fa40000, 0x0fa6c890, 0x0fb20000)
  to   space 896K,   0% used [0x0f960000, 0x0f960000, 0x0fa40000)
 tenured generation   total 18416K, used 13616K [0x14750000, 0x1594c000, 0x1f200000)
   the space 18416K,  73% used [0x14750000, 0x1549c340, 0x1549c400, 0x1594c000)
 Metaspace       used 13811K, capacity 14018K, committed 14208K, reserved 14720K
Event: 3.294 GC heap after
Heap after GC invocations=21 (full 1):
 def new generation   total 8448K, used 178K [0x0f200000, 0x0fb20000, 0x14750000)
  eden space 7552K,   0% used [0x0f200000, 0x0f200000, 0x0f960000)
  from space 896K,  19% used [0x0f960000, 0x0f98c890, 0x0fa40000)
  to   space 896K,   0% used [0x0fa40000, 0x0fa40000, 0x0fb20000)
 tenured generation   total 18416K, used 13616K [0x14750000, 0x1594c000, 0x1f200000)
   the space 18416K,  73% used [0x14750000, 0x1549c340, 0x1549c400, 0x1594c000)
 Metaspace       used 13811K, capacity 14018K, committed 14208K, reserved 14720K
}
Event: 3.556 GC heap before
{Heap before GC invocations=21 (full 1):
 def new generation   total 8448K, used 7730K [0x0f200000, 0x0fb20000, 0x14750000)
  eden space 7552K, 100% used [0x0f200000, 0x0f960000, 0x0f960000)
  from space 896K,  19% used [0x0f960000, 0x0f98c890, 0x0fa40000)
  to   space 896K,   0% used [0x0fa40000, 0x0fa40000, 0x0fb20000)
 tenured generation   total 18416K, used 13616K [0x14750000, 0x1594c000, 0x1f200000)
   the space 18416K,  73% used [0x14750000, 0x1549c340, 0x1549c400, 0x1594c000)
 Metaspace       used 14547K, capacity 14724K, committed 14848K, reserved 15744K
Event: 3.561 GC heap after
Heap after GC invocations=22 (full 1):
 def new generation   total 8448K, used 896K [0x0f200000, 0x0fb20000, 0x14750000)
  eden space 7552K,   0% used [0x0f200000, 0x0f200000, 0x0f960000)
  from space 896K, 100% used [0x0fa40000, 0x0fb20000, 0x0fb20000)
  to   space 896K,   0% used [0x0f960000, 0x0f960000, 0x0fa40000)
 tenured generation   total 18416K, used 13852K [0x14750000, 0x1594c000, 0x1f200000)
   the space 18416K,  75% used [0x14750000, 0x154d7178, 0x154d7200, 0x1594c000)
 Metaspace       used 14547K, capacity 14724K, committed 14848K, reserved 15744K
}
Event: 3.797 GC heap before
{Heap before GC invocations=22 (full 1):
 def new generation   total 8448K, used 7893K [0x0f200000, 0x0fb20000, 0x14750000)
  eden space 7552K,  92% used [0x0f200000, 0x0f8d55a8, 0x0f960000)
  from space 896K, 100% used [0x0fa40000, 0x0fb20000, 0x0fb20000)
  to   space 896K,   0% used [0x0f960000, 0x0f960000, 0x0fa40000)
 tenured generation   total 18416K, used 13852K [0x14750000, 0x1594c000, 0x1f200000)
   the space 18416K,  75% used [0x14750000, 0x154d7178, 0x154d7200, 0x1594c000)
 Metaspace       used 15404K, capacity 15606K, committed 15744K, reserved 15744K
Event: 3.806 GC heap after
Heap after GC invocations=23 (full 1):
 def new generation   total 8448K, used 896K [0x0f200000, 0x0fb20000, 0x14750000)
  eden space 7552K,   0% used [0x0f200000, 0x0f200000, 0x0f960000)
  from space 896K, 100% used [0x0f960000, 0x0fa40000, 0x0fa40000)
  to   space 896K,   0% used [0x0fa40000, 0x0fa40000, 0x0fb20000)
 tenured generation   total 18416K, used 16526K [0x14750000, 0x1594c000, 0x1f200000)
   the space 18416K,  89% used [0x14750000, 0x15773970, 0x15773a00, 0x1594c000)
 Metaspace       used 15404K, capacity 15606K, committed 15744K, reserved 15744K
}
Event: 6.312 GC heap before
{Heap before GC invocations=23 (full 1):
 def new generation   total 8448K, used 8448K [0x0f200000, 0x0fb20000, 0x14750000)
  eden space 7552K, 100% used [0x0f200000, 0x0f960000, 0x0f960000)
  from space 896K, 100% used [0x0f960000, 0x0fa40000, 0x0fa40000)
  to   space 896K,   0% used [0x0fa40000, 0x0fa40000, 0x0fb20000)
 tenured generation   total 18416K, used 16526K [0x14750000, 0x1594c000, 0x1f200000)
   the space 18416K,  89% used [0x14750000, 0x15773970, 0x15773a00, 0x1594c000)
 Metaspace       used 15889K, capacity 16118K, committed 16256K, reserved 16768K
Event: 6.374 GC heap after
Heap after GC invocations=24 (full 2):
 def new generation   total 15488K, used 0K [0x0f200000, 0x102c0000, 0x14750000)
  eden space 13824K,   0% used [0x0f200000, 0x0f200000, 0x0ff80000)
  from space 1664K,   0% used [0x0ff80000, 0x0ff80000, 0x10120000)
  to   space 1664K,   0% used [0x10120000, 0x10120000, 0x102c0000)
 tenured generation   total 33992K, used 20393K [0x14750000, 0x16882000, 0x1f200000)
   the space 33992K,  59% used [0x14750000, 0x15b3a580, 0x15b3a600, 0x16882000)
 Metaspace       used 15883K, capacity 16100K, committed 16256K, reserved 16768K
}

Deoptimization events (0 events):
No events

Internal exceptions (10 events):
Event: 0.240 Thread 0x0188c800 Exception <a 'java/lang/ClassNotFoundException': org/apache/log4j/WriterAppenderCustomizer> (0x0f59a8e0) thrown at [C:\re\workspace\8-2-build-windows-i586-cygwin\jdk8u111\7883\hotspot\src\share\vm\classfile\systemDictionary.cpp, line 210]
Event: 0.241 Thread 0x0188c800 Exception <a 'java/lang/ClassNotFoundException': org/apache/log4j/FileAppenderCustomizer> (0x0f5ad638) thrown at [C:\re\workspace\8-2-build-windows-i586-cygwin\jdk8u111\7883\hotspot\src\share\vm\classfile\systemDictionary.cpp, line 210]
Event: 0.243 Thread 0x0188c800 Exception <a 'java/lang/ClassNotFoundException': org/apache/log4j/RollingFileAppenderCustomizer> (0x0f5c1030) thrown at [C:\re\workspace\8-2-build-windows-i586-cygwin\jdk8u111\7883\hotspot\src\share\vm\classfile\systemDictionary.cpp, line 210]
Event: 0.258 Thread 0x0188c800 Exception <a 'java/io/FileNotFoundException'> (0x0f6235b0) thrown at [C:\re\workspace\8-2-build-windows-i586-cygwin\jdk8u111\7883\hotspot\src\share\vm\prims\jni.cpp, line 709]
Event: 0.290 Thread 0x0188c800 Exception <a 'java/lang/NoSuchFieldError': method resolution failed> (0x0f28c7a0) thrown at [C:\re\workspace\8-2-build-windows-i586-cygwin\jdk8u111\7883\hotspot\src\share\vm\prims\methodHandles.cpp, line 1146]
Event: 0.291 Thread 0x0188c800 Exception <a 'java/lang/NoSuchFieldError': method resolution failed> (0x0f2988d0) thrown at [C:\re\workspace\8-2-build-windows-i586-cygwin\jdk8u111\7883\hotspot\src\share\vm\prims\methodHandles.cpp, line 1146]
Event: 0.353 Thread 0x0188c800 Exception <a 'java/io/FileNotFoundException'> (0x0f34e6b0) thrown at [C:\re\workspace\8-2-build-windows-i586-cygwin\jdk8u111\7883\hotspot\src\share\vm\prims\jni.cpp, line 709]
Event: 2.299 Thread 0x04901800 Exception <a 'java/io/FileNotFoundException'> (0x0f42c0e0) thrown at [C:\re\workspace\8-2-build-windows-i586-cygwin\jdk8u111\7883\hotspot\src\share\vm\prims\jni.cpp, line 709]
Event: 3.366 Thread 0x04901800 Exception <a 'java/lang/reflect/InvocationTargetException'> (0x0f6079c8) thrown at [C:\re\workspace\8-2-build-windows-i586-cygwin\jdk8u111\7883\hotspot\src\share\vm\runtime\reflection.cpp, line 1092]
Event: 3.738 Thread 0x04901800 Implicit null exception at 0x01c70c8f to 0x01c72503

Events (10 events):
Event: 6.380 loading class java/lang/reflect/AnnotatedType
Event: 6.380 loading class java/lang/reflect/AnnotatedType done
Event: 6.381 loading class com/sun/jna/NativeMapped
Event: 6.381 loading class com/sun/jna/NativeMapped done
Event: 6.381 loading class com/sun/jna/Callback
Event: 6.381 loading class com/sun/jna/Callback done
Event: 6.381 loading class com/sun/jna/NativeString
Event: 6.381 loading class com/sun/jna/NativeString done
Event: 6.382 loading class com/sun/jna/Memory$SharedMemory
Event: 6.382 loading class com/sun/jna/Memory$SharedMemory done


Dynamic libraries:
0x000b0000 - 0x000e3000 	C:\Program Files\Java\jre1.8.0_111\bin\javaw.exe
0x77be0000 - 0x77d22000 	C:\Windows\SYSTEM32\ntdll.dll
0x77d30000 - 0x77e05000 	C:\Windows\system32\kernel32.dll
0x75fc0000 - 0x7600b000 	C:\Windows\system32\KERNELBASE.dll
0x773e0000 - 0x77481000 	C:\Windows\system32\ADVAPI32.dll
0x766e0000 - 0x7678c000 	C:\Windows\system32\msvcrt.dll
0x761d0000 - 0x761e9000 	C:\Windows\SYSTEM32\sechost.dll
0x762a0000 - 0x76342000 	C:\Windows\system32\RPCRT4.dll
0x764d0000 - 0x76599000 	C:\Windows\system32\USER32.dll
0x76480000 - 0x764ce000 	C:\Windows\system32\GDI32.dll
0x76290000 - 0x7629a000 	C:\Windows\system32\LPK.dll
0x76130000 - 0x761cd000 	C:\Windows\system32\USP10.dll
0x749a0000 - 0x74b3e000 	C:\Windows\WinSxS\x86_microsoft.windows.common-controls_6595b64144ccf1df_6.0.7601.18837_none_41e855142bd5705d\COMCTL32.dll
0x76350000 - 0x763a7000 	C:\Windows\system32\SHLWAPI.dll
0x765a0000 - 0x765bf000 	C:\Windows\system32\IMM32.DLL
0x765c0000 - 0x7668c000 	C:\Windows\system32\MSCTF.dll
0x75ca0000 - 0x75ccb000 	C:\Windows\system32\nvinit.dll
0x75c90000 - 0x75c99000 	C:\Windows\system32\VERSION.dll
0x0f000000 - 0x0f006000 	C:\Program Files\NVIDIA Corporation\CoProcManager\detoured.dll
0x73260000 - 0x7328a000 	C:\Program Files\NVIDIA Corporation\CoProcManager\nvd3d9wrap.dll
0x77830000 - 0x779cd000 	C:\Windows\system32\SETUPAPI.dll
0x75d70000 - 0x75d97000 	C:\Windows\system32\CFGMGR32.dll
0x761f0000 - 0x76281000 	C:\Windows\system32\OLEAUT32.dll
0x776d0000 - 0x7782c000 	C:\Windows\system32\ole32.dll
0x75d50000 - 0x75d62000 	C:\Windows\system32\DEVOBJ.dll
0x731c0000 - 0x731de000 	C:\Program Files\NVIDIA Corporation\CoProcManager\nvdxgiwrap.dll
0x61b20000 - 0x61bdf000 	C:\Program Files\Java\jre1.8.0_111\bin\msvcr100.dll
0x61cd0000 - 0x6209d000 	C:\Program Files\Java\jre1.8.0_111\bin\client\jvm.dll
0x6e290000 - 0x6e297000 	C:\Windows\system32\WSOCK32.dll
0x76440000 - 0x76475000 	C:\Windows\system32\WS2_32.dll
0x76090000 - 0x76096000 	C:\Windows\system32\NSI.dll
0x73180000 - 0x731b2000 	C:\Windows\system32\WINMM.dll
0x77e20000 - 0x77e25000 	C:\Windows\system32\PSAPI.DLL
0x71330000 - 0x7133c000 	C:\Program Files\Java\jre1.8.0_111\bin\verify.dll
0x71300000 - 0x71321000 	C:\Program Files\Java\jre1.8.0_111\bin\java.dll
0x712e0000 - 0x712f3000 	C:\Program Files\Java\jre1.8.0_111\bin\zip.dll
0x76790000 - 0x773db000 	C:\Windows\system32\SHELL32.dll
0x75cd0000 - 0x75cdb000 	C:\Windows\system32\profapi.dll
0x613e0000 - 0x61526000 	C:\Program Files\Java\jre1.8.0_111\bin\awt.dll
0x74960000 - 0x749a0000 	C:\Windows\system32\uxtheme.dll
0x6dfc0000 - 0x6e018000 	C:\Program Files\Common Files\microsoft shared\ink\tiptsf.dll
0x74660000 - 0x74673000 	C:\Windows\system32\dwmapi.dll
0x75c10000 - 0x75c1c000 	C:\Windows\system32\CRYPTBASE.dll
0x75bc0000 - 0x75c0c000 	C:\Windows\system32\apphelp.dll
0x712c0000 - 0x712d6000 	C:\Program Files\Java\jre1.8.0_111\bin\net.dll
0x756f0000 - 0x7572c000 	C:\Windows\system32\mswsock.dll
0x756e0000 - 0x756e6000 	C:\Windows\System32\wship6.dll
0x712b0000 - 0x712bf000 	C:\Program Files\Java\jre1.8.0_111\bin\nio.dll
0x61880000 - 0x618b9000 	C:\Program Files\Java\jre1.8.0_111\bin\fontmanager.dll
0x74080000 - 0x74090000 	C:\Windows\system32\NLAapi.dll
0x6d080000 - 0x6d090000 	C:\Windows\system32\napinsp.dll
0x6cfd0000 - 0x6cfe2000 	C:\Windows\system32\pnrpnsp.dll
0x755b0000 - 0x755f4000 	C:\Windows\system32\DNSAPI.dll
0x6cf70000 - 0x6cf78000 	C:\Windows\System32\winrnr.dll
0x6cf60000 - 0x6cf6d000 	C:\Windows\system32\wshbth.dll
0x751f0000 - 0x751f5000 	C:\Windows\System32\wshtcpip.dll
0x73fb0000 - 0x73fcc000 	C:\Windows\system32\IPHLPAPI.DLL
0x73f90000 - 0x73f97000 	C:\Windows\system32\WINNSI.DLL
0x703a0000 - 0x703a6000 	C:\Windows\system32\rasadhlp.dll
0x73c90000 - 0x73cc8000 	C:\Windows\System32\fwpuclnt.dll
0x760a0000 - 0x76123000 	C:\Windows\system32\CLBCatQ.DLL
0x74260000 - 0x7429c000 	C:\Windows\system32\oleacc.dll
0x76010000 - 0x7608b000 	C:\Windows\system32\COMDLG32.dll
0x720a0000 - 0x720f1000 	C:\Windows\system32\WINSPOOL.DRV
0x6a900000 - 0x6a962000 	C:\Windows\system32\spool\DRIVERS\W32X86\3\xrxs1du.dll
0x75ba0000 - 0x75bbb000 	C:\Windows\system32\SspiCli.dll
0x06910000 - 0x069f9000 	C:\Windows\system32\spool\DRIVERS\W32X86\3\xrxs1.dll
0x74520000 - 0x74651000 	C:\Windows\system32\WindowsCodecs.dll
0x6aec0000 - 0x6aef4000 	C:\Program Files\360\360Safe\safemon\360UDiskGuard.dll
0x6a970000 - 0x6a9a1000 	C:\Windows\system32\EhStorShell.dll
0x74b50000 - 0x74c45000 	C:\Windows\system32\PROPSYS.dll
0x06820000 - 0x0688a000 	C:\Windows\System32\cscui.dll
0x6aeb0000 - 0x6aeb9000 	C:\Windows\System32\CSCDLL.dll
0x6df00000 - 0x6df0b000 	C:\Windows\system32\CSCAPI.dll
0x6a7e0000 - 0x6a850000 	C:\Windows\system32\ntshrui.dll
0x759d0000 - 0x759e9000 	C:\Windows\system32\srvcli.dll
0x742a0000 - 0x742aa000 	C:\Windows\system32\slc.dll
0x61640000 - 0x61672000 	C:\Program Files\Java\jre1.8.0_111\bin\t2k.dll
0x75730000 - 0x75747000 	C:\Windows\system32\CRYPTSP.dll
0x754c0000 - 0x754fb000 	C:\Windows\system32\rsaenh.dll
0x752d0000 - 0x752e7000 	C:\Windows\system32\USERENV.dll
0x73a10000 - 0x73a22000 	C:\Windows\system32\dhcpcsvc.DLL
0x73920000 - 0x7392d000 	C:\Windows\system32\dhcpcsvc6.DLL
0x637c0000 - 0x637cb000 	G:\WorkspaceZ\ContourApp\natives\windows-i586\gluegen-rt.dll
0x70ce0000 - 0x70ce6000 	C:\Program Files\Java\jre1.8.0_111\bin\jawt.dll
0x6a440000 - 0x6a44b000 	C:\Users\Administrator.PC-201609131709\AppData\Local\Temp\jogamp_0000\file_cache\jln6706745555657360857\jln4378427135201478507\natives\windows-i586\nativewindow_awt.dll
0x6c100000 - 0x6c10d000 	C:\Users\Administrator.PC-201609131709\AppData\Local\Temp\jogamp_0000\file_cache\jln6706745555657360857\jln4378427135201478507\natives\windows-i586\nativewindow_win32.dll
0x66760000 - 0x66828000 	C:\Windows\system32\OpenGL32.dll
0x66730000 - 0x66752000 	C:\Windows\system32\GLU32.dll
0x64440000 - 0x64527000 	C:\Windows\system32\DDRAW.dll
0x64430000 - 0x64436000 	C:\Windows\system32\DCIMAN32.dll
0x07ae0000 - 0x07b81000 	C:\Users\Administrator.PC-201609131709\AppData\Local\Temp\jogamp_0000\file_cache\jln6706745555657360857\jln4378427135201478507\natives\windows-i586\jogl_desktop.dll
0x64340000 - 0x6439a000 	C:\Users\Administrator.PC-201609131709\AppData\Local\Temp\jogamp_0000\file_cache\jln6706745555657360857\jln4378427135201478507\natives\windows-i586\jogl_mobile.dll
0x75da0000 - 0x75dcf000 	C:\Windows\system32\WINTRUST.dll
0x75e00000 - 0x75f21000 	C:\Windows\system32\CRYPT32.dll
0x75d40000 - 0x75d4c000 	C:\Windows\system32\MSASN1.dll
0x5eaa0000 - 0x5f0f9000 	C:\Windows\system32\ig75icd32.dll
0x61060000 - 0x613d5000 	C:\Windows\system32\igdusc32.dll
0x75270000 - 0x7527d000 	C:\Windows\system32\WTSAPI32.dll
0x72100000 - 0x72184000 	C:\Windows\WinSxS\x86_microsoft.windows.common-controls_6595b64144ccf1df_5.82.7601.18837_none_ec86b8d6858ec0bc\comctl32.dll
0x07b90000 - 0x07be2000 	C:\Users\Administrator.PC-201609131709\AppData\Local\Temp\jna1843450564139976114.tmp
0x0e2e0000 - 0x0e496000 	F:\test\ZJDLL.DLL
0x6d5f0000 - 0x6d6db000 	C:\Windows\system32\dbghelp.dll

VM Arguments:
jvm_args: -Dfile.encoding=GBK 
java_command: App.CoutourDetection
java_class_path (initial): G:\WorkspaceZ\ContourApp\bin;G:\WorkspaceZ\ContourApp\lib\android-support-v4.jar;G:\WorkspaceZ\ContourApp\lib\http\commons-beanutils-1.3.jar;G:\WorkspaceZ\ContourApp\lib\http\commons-collections-3.2.2.jar;G:\WorkspaceZ\ContourApp\lib\http\commons-lang-2.4.jar;G:\WorkspaceZ\ContourApp\lib\http\commons-logging-1.2.jar;G:\WorkspaceZ\ContourApp\lib\http\ezmorph-1.0.4.jar;G:\WorkspaceZ\ContourApp\lib\http\httpclient-4.5.2.jar;G:\WorkspaceZ\ContourApp\lib\http\httpcore-4.4.4.jar;G:\WorkspaceZ\ContourApp\lib\http\json-lib-2.1.jar;G:\WorkspaceZ\ContourApp\lib\jogl-2.1\gluegen-rt.jar;G:\WorkspaceZ\ContourApp\lib\jogl-2.1\jogl-all-natives-windows-i586.jar;G:\WorkspaceZ\ContourApp\lib\jogl-2.1\jogl-all.jar;G:\WorkspaceZ\ContourApp\lib\log4j-1.2.17.jar;G:\WorkspaceZ\ContourApp\lib\modbus4J.jar;G:\WorkspaceZ\ContourApp\lib\mysql-connector-java-5.1.38-bin.jar;G:\WorkspaceZ\ContourApp\lib\opencv-310.jar;G:\WorkspaceZ\ContourApp\lib\RXTXcomm.jar;G:\WorkspaceZ\ContourApp\lib\seroUtils.jar;G:\WorkspaceZ\ContourApp\lib\pinyin4j-2.5.0.jar;G:\WorkspaceZ\ContourApp\lib\AlgorithmLayer.jar;G:\WorkspaceZ\ContourApp\lib\Java3D\j3dcore.jar;G:\WorkspaceZ\ContourApp\lib\Java3D\j3dutils.jar;G:\WorkspaceZ\ContourApp\lib\Java3D\vecmath.jar;G:\WorkspaceZ\ContourApp\lib\JTS\jdom.jar;G:\WorkspaceZ\ContourApp\lib\JTS\JTS_Test.jar;G:\WorkspaceZ\ContourApp\lib\JTS\jts-1.14-sources.jar;G:\WorkspaceZ\ContourApp\lib\JTS\jts-1.14.jar;G:\WorkspaceZ\ContourApp\lib\JTS\jtsio-1.14-sources.jar;G:\WorkspaceZ\ContourApp\lib\JTS\jtsio-1.14.jar;G:\WorkspaceZ\ContourApp\lib\JTS\junit.jar;G:\WorkspaceZ\ContourApp\lib\JTS\xerces.jar;G:\WorkspaceZ\ContourApp\lib\SensorLayer.jar;G:\WorkspaceZ\ContourApp\lib\examples.jar;G:\WorkspaceZ\ContourApp\lib\jna.jar
Launcher Type: SUN_STANDARD

Environment Variables:
CLASSPATH=G: \java_try
PATH=C:/Program Files/Java/jre1.8.0_111/bin/client;C:/Program Files/Java/jre1.8.0_111/bin;C:/Program Files/Java/jre1.8.0_111/lib/i386;C:\ProgramData\Oracle\Java\javapath;C:\jdk1.8.0_111\bin;C:\Windows\system32;C:\Windows;C:\Windows\System32\Wbem;C:\Windows\System32\WindowsPowerShell\v1.0\;C:\Program Files\IDM Computer Solutions\UltraEdit;c:jdk1.8.0_71\bin;F:\test;F:\MyDownloads\Download\eclipse-java-mars-1-win32\eclipse;
USERNAME=Administrator
OS=Windows_NT
PROCESSOR_IDENTIFIER=x86 Family 6 Model 69 Stepping 1, GenuineIntel



---------------  S Y S T E M  ---------------

OS: Windows 7 Build 7601 (6.1.7601.19135)

CPU:total 4 (2 cores per cpu, 2 threads per core) family 6 model 69 stepping 1, cmov, cx8, fxsr, mmx, sse, sse2, sse3, ssse3, sse4.1, sse4.2, popcnt, avx, avx2, aes, clmul, erms, lzcnt, ht, tsc, tscinvbit, bmi1, bmi2

Memory: 4k page, physical 3323916k(1708244k free), swap 7505240k(5628572k free)

vm_info: Java HotSpot(TM) Client VM (25.111-b14) for windows-x86 JRE (1.8.0_111-b14), built on Sep 22 2016 18:54:33 by "java_re" with MS VC++ 10.0 (VS2010)

time: Thu Mar 23 18:29:47 2017
elapsed time: 6 seconds (0d 0h 0m 6s)

