#
# A fatal error has been detected by the Java Runtime Environment:
#
#  EXCEPTION_ACCESS_VIOLATION (0xc0000005) at pc=0x752b43f9, pid=5816, tid=0x0000177c
#
# JRE version: Java(TM) SE Runtime Environment (8.0_111-b14) (build 1.8.0_111-b14)
# Java VM: Java HotSpot(TM) Client VM (25.111-b14 mixed mode windows-x86 )
# Problematic frame:
# C  [msvcrt.dll+0x143f9]
#
# Failed to write core dump. Minidumps are not enabled by default on client versions of Windows
#
# If you would like to submit a bug report, please visit:
#   http://bugreport.java.com/bugreport/crash.jsp
# The crash happened outside the Java Virtual Machine in native code.
# See problematic frame for where to report the bug.
#

---------------  T H R E A D  ---------------

Current thread (0x049b8400):  JavaThread "AWT-EventQueue-0" [_thread_in_native, id=6012, stack(0x04d00000,0x04d50000)]

siginfo: ExceptionCode=0xc0000005, reading address 0x6d783f3c

Registers:
EAX=0x6d783f3c, EBX=0x0da31d58, ECX=0x6d783f3c, EDX=0x00000000
ESP=0x04d4e7cc, EBP=0x04d4e8b8, ESI=0x0da31d58, EDI=0x049b8400
EIP=0x752b43f9, EFLAGS=0x00010246

Top of Stack: (sp=0x04d4e7cc)
0x04d4e7cc:   05dd651f 6d783f3c 01b92580 07010000
0x04d4e7dc:   04d4e78c 00000000 00000000 00000000
0x04d4e7ec:   00000000 00000000 00000000 00000000
0x04d4e7fc:   00000000 50020000 04d4e78c 00000000
0x04d4e80c:   00000000 01b92580 00000400 04d4e820
0x04d4e81c:   507f54a3 00000000 506bc88b 00000000
0x04d4e82c:   00000000 0492c300 00000000 0492c3a0
0x04d4e83c:   00000000 00000000 049c3200 00000000 

Instructions: (pc=0x752b43f9)
0x752b43d9:   03 00 00 00 74 1a 8a 01 83 c1 01 84 c0 74 4c f7
0x752b43e9:   c1 03 00 00 00 75 ef 83 c0 00 8d 24 24 8d 24 24
0x752b43f9:   8b 01 ba ff fe fe 7e 03 d0 83 f0 ff 33 c2 83 c1
0x752b4409:   04 a9 00 01 01 81 74 e8 8b 41 fc 84 c0 74 26 84 


Register to memory mapping:

EAX=0x6d783f3c is an unknown value
EBX={method} {0x0da31d5c} '_getString' '(JZ)Ljava/lang/String;' in 'com/sun/jna/Pointer'
ECX=0x6d783f3c is an unknown value
EDX=0x00000000 is an unknown value
ESP=0x04d4e7cc is pointing into the stack for thread: 0x049b8400
EBP=0x04d4e8b8 is pointing into the stack for thread: 0x049b8400
ESI={method} {0x0da31d5c} '_getString' '(JZ)Ljava/lang/String;' in 'com/sun/jna/Pointer'
EDI=0x049b8400 is a thread


Stack: [0x04d00000,0x04d50000],  sp=0x04d4e7cc,  free space=313k
Native frames: (J=compiled Java code, j=interpreted, Vv=VM code, C=native code)
C  [msvcrt.dll+0x143f9]
C  [jna4787548129373140321.tmp+0x5806]
j  com.sun.jna.Pointer._getString(JZ)Ljava/lang/String;+0
j  com.sun.jna.Pointer.getString(JZ)Ljava/lang/String;+7
j  com.sun.jna.StringArray.read()V+43
j  com.sun.jna.Function.invoke(Ljava/lang/Class;[Ljava/lang/Object;Ljava/util/Map;)Ljava/lang/Object;+336
j  com.sun.jna.Library$Handler.invoke(Ljava/lang/Object;Ljava/lang/reflect/Method;[Ljava/lang/Object;)Ljava/lang/Object;+344
j  com.sun.proxy.$Proxy0.queryObjectOut(Ljava/lang/String;Ljava/lang/String;Ljava/lang/String;Ljava/lang/String;Ljava/lang/String;[Ljava/lang/String;)I+40
j  CustomerProtocol.CustomerProtocol_DLL_GXCZJ.queryDetectionList()V+69
j  AppFrame.contourDetection.ContourDetectionTabPanelMain1$2.actionPerformed(Ljava/awt/event/ActionEvent;)V+9
j  javax.swing.AbstractButton.fireActionPerformed(Ljava/awt/event/ActionEvent;)V+83
j  javax.swing.AbstractButton$Handler.actionPerformed(Ljava/awt/event/ActionEvent;)V+5
j  javax.swing.DefaultButtonModel.fireActionPerformed(Ljava/awt/event/ActionEvent;)V+34
j  javax.swing.DefaultButtonModel.setPressed(Z)V+117
j  javax.swing.plaf.basic.BasicButtonListener.mouseReleased(Ljava/awt/event/MouseEvent;)V+35
j  java.awt.Component.processMouseEvent(Ljava/awt/event/MouseEvent;)V+64
j  javax.swing.JComponent.processMouseEvent(Ljava/awt/event/MouseEvent;)V+23
j  java.awt.Component.processEvent(Ljava/awt/AWTEvent;)V+81
j  java.awt.Container.processEvent(Ljava/awt/AWTEvent;)V+18
j  java.awt.Component.dispatchEventImpl(Ljava/awt/AWTEvent;)V+589
j  java.awt.Container.dispatchEventImpl(Ljava/awt/AWTEvent;)V+42
j  java.awt.Component.dispatchEvent(Ljava/awt/AWTEvent;)V+2
j  java.awt.LightweightDispatcher.retargetMouseEvent(Ljava/awt/Component;ILjava/awt/event/MouseEvent;)V+327
j  java.awt.LightweightDispatcher.processMouseEvent(Ljava/awt/event/MouseEvent;)Z+155
j  java.awt.LightweightDispatcher.dispatchEvent(Ljava/awt/AWTEvent;)Z+50
j  java.awt.Container.dispatchEventImpl(Ljava/awt/AWTEvent;)V+12
j  java.awt.Window.dispatchEventImpl(Ljava/awt/AWTEvent;)V+19
j  java.awt.Component.dispatchEvent(Ljava/awt/AWTEvent;)V+2
j  java.awt.EventQueue.dispatchEventImpl(Ljava/awt/AWTEvent;Ljava/lang/Object;)V+41
j  java.awt.EventQueue.access$500(Ljava/awt/EventQueue;Ljava/awt/AWTEvent;Ljava/lang/Object;)V+3
j  java.awt.EventQueue$3.run()Ljava/lang/Void;+32
j  java.awt.EventQueue$3.run()Ljava/lang/Object;+1
v  ~StubRoutines::call_stub
V  [jvm.dll+0x15a895]
V  [jvm.dll+0x220bfe]
V  [jvm.dll+0x15a92e]
V  [jvm.dll+0x10aeaf]
C  [java.dll+0x102f]
j  java.security.ProtectionDomain$JavaSecurityAccessImpl.doIntersectionPrivilege(Ljava/security/PrivilegedAction;Ljava/security/AccessControlContext;Ljava/security/AccessControlContext;)Ljava/lang/Object;+18
j  java.security.ProtectionDomain$JavaSecurityAccessImpl.doIntersectionPrivilege(Ljava/security/PrivilegedAction;Ljava/security/AccessControlContext;)Ljava/lang/Object;+6
j  java.awt.EventQueue$4.run()Ljava/lang/Void;+11
j  java.awt.EventQueue$4.run()Ljava/lang/Object;+1
v  ~StubRoutines::call_stub
V  [jvm.dll+0x15a895]
V  [jvm.dll+0x220bfe]
V  [jvm.dll+0x15a92e]
V  [jvm.dll+0x10aeaf]
C  [java.dll+0x102f]
j  java.security.ProtectionDomain$JavaSecurityAccessImpl.doIntersectionPrivilege(Ljava/security/PrivilegedAction;Ljava/security/AccessControlContext;Ljava/security/AccessControlContext;)Ljava/lang/Object;+18
j  java.awt.EventQueue.dispatchEvent(Ljava/awt/AWTEvent;)V+73
j  java.awt.EventDispatchThread.pumpOneEventForFilters(I)V+245
j  java.awt.EventDispatchThread.pumpEventsForFilter(ILjava/awt/Conditional;Ljava/awt/EventFilter;)V+35
j  java.awt.EventDispatchThread.pumpEventsForHierarchy(ILjava/awt/Conditional;Ljava/awt/Component;)V+11
j  java.awt.EventDispatchThread.pumpEvents(ILjava/awt/Conditional;)V+4
j  java.awt.EventDispatchThread.pumpEvents(Ljava/awt/Conditional;)V+3
j  java.awt.EventDispatchThread.run()V+9
v  ~StubRoutines::call_stub
V  [jvm.dll+0x15a895]
V  [jvm.dll+0x220bfe]
V  [jvm.dll+0x15a92e]
V  [jvm.dll+0x15aab6]
V  [jvm.dll+0x15ab27]
V  [jvm.dll+0xfef8f]
V  [jvm.dll+0x17d6f0]
V  [jvm.dll+0x17df6a]
V  [jvm.dll+0x1c29c6]
C  [msvcr100.dll+0x5c556]
C  [msvcr100.dll+0x5c600]
C  [kernel32.dll+0x4ef1c]
C  [ntdll.dll+0x63648]
C  [ntdll.dll+0x6361b]
C  0x00000000

Java frames: (J=compiled Java code, j=interpreted, Vv=VM code)
j  com.sun.jna.Pointer._getString(JZ)Ljava/lang/String;+0
j  com.sun.jna.Pointer.getString(JZ)Ljava/lang/String;+7
j  com.sun.jna.StringArray.read()V+43
j  com.sun.jna.Function.invoke(Ljava/lang/Class;[Ljava/lang/Object;Ljava/util/Map;)Ljava/lang/Object;+336
j  com.sun.jna.Library$Handler.invoke(Ljava/lang/Object;Ljava/lang/reflect/Method;[Ljava/lang/Object;)Ljava/lang/Object;+344
j  com.sun.proxy.$Proxy0.queryObjectOut(Ljava/lang/String;Ljava/lang/String;Ljava/lang/String;Ljava/lang/String;Ljava/lang/String;[Ljava/lang/String;)I+40
j  CustomerProtocol.CustomerProtocol_DLL_GXCZJ.queryDetectionList()V+69
j  AppFrame.contourDetection.ContourDetectionTabPanelMain1$2.actionPerformed(Ljava/awt/event/ActionEvent;)V+9
j  javax.swing.AbstractButton.fireActionPerformed(Ljava/awt/event/ActionEvent;)V+83
j  javax.swing.AbstractButton$Handler.actionPerformed(Ljava/awt/event/ActionEvent;)V+5
j  javax.swing.DefaultButtonModel.fireActionPerformed(Ljava/awt/event/ActionEvent;)V+34
j  javax.swing.DefaultButtonModel.setPressed(Z)V+117
j  javax.swing.plaf.basic.BasicButtonListener.mouseReleased(Ljava/awt/event/MouseEvent;)V+35
j  java.awt.Component.processMouseEvent(Ljava/awt/event/MouseEvent;)V+64
j  javax.swing.JComponent.processMouseEvent(Ljava/awt/event/MouseEvent;)V+23
j  java.awt.Component.processEvent(Ljava/awt/AWTEvent;)V+81
j  java.awt.Container.processEvent(Ljava/awt/AWTEvent;)V+18
j  java.awt.Component.dispatchEventImpl(Ljava/awt/AWTEvent;)V+589
j  java.awt.Container.dispatchEventImpl(Ljava/awt/AWTEvent;)V+42
j  java.awt.Component.dispatchEvent(Ljava/awt/AWTEvent;)V+2
j  java.awt.LightweightDispatcher.retargetMouseEvent(Ljava/awt/Component;ILjava/awt/event/MouseEvent;)V+327
j  java.awt.LightweightDispatcher.processMouseEvent(Ljava/awt/event/MouseEvent;)Z+155
j  java.awt.LightweightDispatcher.dispatchEvent(Ljava/awt/AWTEvent;)Z+50
j  java.awt.Container.dispatchEventImpl(Ljava/awt/AWTEvent;)V+12
j  java.awt.Window.dispatchEventImpl(Ljava/awt/AWTEvent;)V+19
j  java.awt.Component.dispatchEvent(Ljava/awt/AWTEvent;)V+2
j  java.awt.EventQueue.dispatchEventImpl(Ljava/awt/AWTEvent;Ljava/lang/Object;)V+41
j  java.awt.EventQueue.access$500(Ljava/awt/EventQueue;Ljava/awt/AWTEvent;Ljava/lang/Object;)V+3
j  java.awt.EventQueue$3.run()Ljava/lang/Void;+32
j  java.awt.EventQueue$3.run()Ljava/lang/Object;+1
v  ~StubRoutines::call_stub
j  java.security.AccessController.doPrivileged(Ljava/security/PrivilegedAction;Ljava/security/AccessControlContext;)Ljava/lang/Object;+0
j  java.security.ProtectionDomain$JavaSecurityAccessImpl.doIntersectionPrivilege(Ljava/security/PrivilegedAction;Ljava/security/AccessControlContext;Ljava/security/AccessControlContext;)Ljava/lang/Object;+18
j  java.security.ProtectionDomain$JavaSecurityAccessImpl.doIntersectionPrivilege(Ljava/security/PrivilegedAction;Ljava/security/AccessControlContext;)Ljava/lang/Object;+6
j  java.awt.EventQueue$4.run()Ljava/lang/Void;+11
j  java.awt.EventQueue$4.run()Ljava/lang/Object;+1
v  ~StubRoutines::call_stub
j  java.security.AccessController.doPrivileged(Ljava/security/PrivilegedAction;Ljava/security/AccessControlContext;)Ljava/lang/Object;+0
j  java.security.ProtectionDomain$JavaSecurityAccessImpl.doIntersectionPrivilege(Ljava/security/PrivilegedAction;Ljava/security/AccessControlContext;Ljava/security/AccessControlContext;)Ljava/lang/Object;+18
j  java.awt.EventQueue.dispatchEvent(Ljava/awt/AWTEvent;)V+73
j  java.awt.EventDispatchThread.pumpOneEventForFilters(I)V+245
j  java.awt.EventDispatchThread.pumpEventsForFilter(ILjava/awt/Conditional;Ljava/awt/EventFilter;)V+35
j  java.awt.EventDispatchThread.pumpEventsForHierarchy(ILjava/awt/Conditional;Ljava/awt/Component;)V+11
j  java.awt.EventDispatchThread.pumpEvents(ILjava/awt/Conditional;)V+4
j  java.awt.EventDispatchThread.pumpEvents(Ljava/awt/Conditional;)V+3
j  java.awt.EventDispatchThread.run()V+9
v  ~StubRoutines::call_stub

---------------  P R O C E S S  ---------------

Java Threads: ( => current thread )
  0x07fb6c00 JavaThread "Timer-0" [_thread_blocked, id=5692, stack(0x05b50000,0x05ba0000)]
  0x07fb6000 JavaThread "Thread-25" [_thread_blocked, id=5268, stack(0x09210000,0x09260000)]
  0x04a9f800 JavaThread "AWT-EventQueue-0-FPSAWTAnimator#00-Timer0" [_thread_blocked, id=5612, stack(0x078e0000,0x07930000)]
  0x04a9f400 JavaThread "AWT-EventQueue-0-SharedResourceRunner" daemon [_thread_blocked, id=5608, stack(0x08970000,0x089c0000)]
  0x04a9ec00 JavaThread "TimerQueue" daemon [_thread_blocked, id=5128, stack(0x06e80000,0x06ed0000)]
  0x04a9e400 JavaThread "Abandoned connection cleanup thread" daemon [_thread_blocked, id=3872, stack(0x079c0000,0x07a10000)]
  0x04a9e000 JavaThread "Thread-22" [_thread_blocked, id=3992, stack(0x05c80000,0x05cd0000)]
  0x04a9d400 JavaThread "Thread-20" [_thread_in_native, id=4976, stack(0x057a0000,0x057f0000)]
  0x04a9cc00 JavaThread "Thread-19" [_thread_in_native, id=4972, stack(0x05ba0000,0x05bf0000)]
  0x04a9c800 JavaThread "Thread-18" [_thread_in_native, id=1872, stack(0x059d0000,0x05a20000)]
  0x04a9c000 JavaThread "Thread-17" [_thread_in_native, id=4676, stack(0x057f0000,0x05840000)]
  0x04a9b800 JavaThread "Thread-16" [_thread_in_native, id=4416, stack(0x05a70000,0x05ac0000)]
  0x04a9b400 JavaThread "Thread-15" [_thread_in_native, id=264, stack(0x054d0000,0x05520000)]
  0x04a9ac00 JavaThread "Thread-14" [_thread_blocked, id=1964, stack(0x04450000,0x044a0000)]
  0x04a9a800 JavaThread "Thread-13" [_thread_blocked, id=3076, stack(0x053f0000,0x05440000)]
  0x04a9a000 JavaThread "Thread-12" [_thread_blocked, id=804, stack(0x056d0000,0x05720000)]
  0x04a99c00 JavaThread "Thread-11" [_thread_blocked, id=5800, stack(0x05670000,0x056c0000)]
  0x04a99400 JavaThread "Thread-10" [_thread_blocked, id=1772, stack(0x05050000,0x050a0000)]
  0x04a98c00 JavaThread "Thread-9" [_thread_blocked, id=3628, stack(0x05530000,0x05580000)]
  0x04a98800 JavaThread "Thread-8" [_thread_blocked, id=4472, stack(0x052d0000,0x05320000)]
  0x04a98000 JavaThread "Thread-7" [_thread_blocked, id=3696, stack(0x05450000,0x054a0000)]
  0x04a69c00 JavaThread "Thread-6" [_thread_blocked, id=4372, stack(0x04570000,0x045c0000)]
  0x04a69400 JavaThread "Thread-5" [_thread_blocked, id=2572, stack(0x053a0000,0x053f0000)]
  0x04a69000 JavaThread "Thread-4" [_thread_blocked, id=4272, stack(0x04fd0000,0x05020000)]
  0x04a66800 JavaThread "Thread-3" [_thread_blocked, id=2536, stack(0x04630000,0x04680000)]
  0x047c1400 JavaThread "Thread-2" [_thread_blocked, id=2544, stack(0x051f0000,0x05240000)]
  0x04a5b800 JavaThread "Thread-1" [_thread_blocked, id=2732, stack(0x05250000,0x052a0000)]
  0x0117c800 JavaThread "DestroyJavaVM" [_thread_blocked, id=5832, stack(0x01230000,0x01280000)]
=>0x049b8400 JavaThread "AWT-EventQueue-0" [_thread_in_native, id=6012, stack(0x04d00000,0x04d50000)]
  0x0492b800 JavaThread "AWT-Windows" daemon [_thread_in_native, id=724, stack(0x045e0000,0x04630000)]
  0x0492ac00 JavaThread "AWT-Shutdown" [_thread_blocked, id=4220, stack(0x04bd0000,0x04c20000)]
  0x04928400 JavaThread "Java2D Disposer" daemon [_thread_blocked, id=5560, stack(0x04520000,0x04570000)]
  0x040c9c00 JavaThread "Service Thread" daemon [_thread_blocked, id=5336, stack(0x046d0000,0x04720000)]
  0x0409a000 JavaThread "C1 CompilerThread0" daemon [_thread_blocked, id=4896, stack(0x04680000,0x046d0000)]
  0x04098c00 JavaThread "Attach Listener" daemon [_thread_blocked, id=4592, stack(0x043e0000,0x04430000)]
  0x04096000 JavaThread "Signal Dispatcher" daemon [_thread_blocked, id=4724, stack(0x04390000,0x043e0000)]
  0x04076400 JavaThread "Finalizer" daemon [_thread_blocked, id=4536, stack(0x044a0000,0x044f0000)]
  0x04050400 JavaThread "Reference Handler" daemon [_thread_blocked, id=5952, stack(0x04260000,0x042b0000)]

Other Threads:
  0x0404a000 VMThread [stack: 0x042e0000,0x04330000] [id=4332]
  0x0411f000 WatcherThread [stack: 0x04770000,0x047c0000] [id=2052]

VM state:not at safepoint (normal execution)

VM Mutex/Monitor currently owned by a thread: None

Heap:
 def new generation   total 13248K, used 5998K [0x0f200000, 0x10060000, 0x14750000)
  eden space 11776K,  50% used [0x0f200000, 0x0f7dbb50, 0x0fd80000)
  from space 1472K,   0% used [0x0fd80000, 0x0fd80000, 0x0fef0000)
  to   space 1472K,   0% used [0x0fef0000, 0x0fef0000, 0x10060000)
 tenured generation   total 29192K, used 17515K [0x14750000, 0x163d2000, 0x1f200000)
   the space 29192K,  59% used [0x14750000, 0x1586ac50, 0x1586ae00, 0x163d2000)
 Metaspace       used 15707K, capacity 15926K, committed 16128K, reserved 16768K

Card table byte_map: [0x03b40000,0x03bd0000] byte_map_base: 0x03ac7000

Polling page: 0x00180000

CodeCache: size=32768Kb used=2235Kb max_used=2245Kb free=30532Kb
 bounds [0x01b40000, 0x01d78000, 0x03b40000]
 total_blobs=1494 nmethods=1057 adapters=367
 compilation: enabled

Compilation events (10 events):
Event: 5.050 Thread 0x0409a000 1076             javax.swing.SwingUtilities::getWindowAncestor (31 bytes)
Event: 5.051 Thread 0x0409a000 nmethod 1076 0x01d333c8 code [0x01d334e0, 0x01d335f8]
Event: 5.051 Thread 0x0409a000 1077             java.util.LinkedList$ListItr::hasNext (20 bytes)
Event: 5.052 Thread 0x0409a000 nmethod 1077 0x01d331c8 code [0x01d332c0, 0x01d33360]
Event: 5.115 Thread 0x0409a000 1078             java.io.DataOutputStream::writeUTF (435 bytes)
Event: 5.117 Thread 0x0409a000 nmethod 1078 0x01d31c08 code [0x01d31dd0, 0x01d327cc]
Event: 5.125 Thread 0x0409a000 1079             java.lang.ThreadLocal::get (38 bytes)
Event: 5.126 Thread 0x0409a000 nmethod 1079 0x01d318c8 code [0x01d319e0, 0x01d31ae4]
Event: 6.243 Thread 0x0409a000 1080             java.security.AccessControlContext::combine (205 bytes)
Event: 6.244 Thread 0x0409a000 nmethod 1080 0x01d30f88 code [0x01d310c0, 0x01d31578]

GC Heap History (10 events):
Event: 2.847 GC heap before
{Heap before GC invocations=20 (full 1):
 def new generation   total 7872K, used 7220K [0x0f200000, 0x0fa80000, 0x14750000)
  eden space 7040K, 100% used [0x0f200000, 0x0f8e0000, 0x0f8e0000)
  from space 832K,  21% used [0x0f8e0000, 0x0f90d140, 0x0f9b0000)
  to   space 832K,   0% used [0x0f9b0000, 0x0f9b0000, 0x0fa80000)
 tenured generation   total 17200K, used 13150K [0x14750000, 0x1581c000, 0x1f200000)
   the space 17200K,  76% used [0x14750000, 0x154279a0, 0x15427a00, 0x1581c000)
 Metaspace       used 13812K, capacity 14018K, committed 14208K, reserved 14720K
Event: 2.848 GC heap after
Heap after GC invocations=21 (full 1):
 def new generation   total 7872K, used 177K [0x0f200000, 0x0fa80000, 0x14750000)
  eden space 7040K,   0% used [0x0f200000, 0x0f200000, 0x0f8e0000)
  from space 832K,  21% used [0x0f9b0000, 0x0f9dc600, 0x0fa80000)
  to   space 832K,   0% used [0x0f8e0000, 0x0f8e0000, 0x0f9b0000)
 tenured generation   total 17200K, used 13150K [0x14750000, 0x1581c000, 0x1f200000)
   the space 17200K,  76% used [0x14750000, 0x154279a0, 0x15427a00, 0x1581c000)
 Metaspace       used 13812K, capacity 14018K, committed 14208K, reserved 14720K
}
Event: 2.897 GC heap before
{Heap before GC invocations=21 (full 1):
 def new generation   total 7872K, used 7217K [0x0f200000, 0x0fa80000, 0x14750000)
  eden space 7040K, 100% used [0x0f200000, 0x0f8e0000, 0x0f8e0000)
  from space 832K,  21% used [0x0f9b0000, 0x0f9dc600, 0x0fa80000)
  to   space 832K,   0% used [0x0f8e0000, 0x0f8e0000, 0x0f9b0000)
 tenured generation   total 17200K, used 13150K [0x14750000, 0x1581c000, 0x1f200000)
   the space 17200K,  76% used [0x14750000, 0x154279a0, 0x15427a00, 0x1581c000)
 Metaspace       used 13812K, capacity 14018K, committed 14208K, reserved 14720K
Event: 2.898 GC heap after
Heap after GC invocations=22 (full 1):
 def new generation   total 7872K, used 177K [0x0f200000, 0x0fa80000, 0x14750000)
  eden space 7040K,   0% used [0x0f200000, 0x0f200000, 0x0f8e0000)
  from space 832K,  21% used [0x0f8e0000, 0x0f90c5a0, 0x0f9b0000)
  to   space 832K,   0% used [0x0f9b0000, 0x0f9b0000, 0x0fa80000)
 tenured generation   total 17200K, used 13150K [0x14750000, 0x1581c000, 0x1f200000)
   the space 17200K,  76% used [0x14750000, 0x154279a0, 0x15427a00, 0x1581c000)
 Metaspace       used 13812K, capacity 14018K, committed 14208K, reserved 14720K
}
Event: 2.991 GC heap before
{Heap before GC invocations=22 (full 1):
 def new generation   total 7872K, used 7217K [0x0f200000, 0x0fa80000, 0x14750000)
  eden space 7040K, 100% used [0x0f200000, 0x0f8e0000, 0x0f8e0000)
  from space 832K,  21% used [0x0f8e0000, 0x0f90c5a0, 0x0f9b0000)
  to   space 832K,   0% used [0x0f9b0000, 0x0f9b0000, 0x0fa80000)
 tenured generation   total 17200K, used 13150K [0x14750000, 0x1581c000, 0x1f200000)
   the space 17200K,  76% used [0x14750000, 0x154279a0, 0x15427a00, 0x1581c000)
 Metaspace       used 13974K, capacity 14178K, committed 14336K, reserved 14720K
Event: 2.993 GC heap after
Heap after GC invocations=23 (full 1):
 def new generation   total 7872K, used 295K [0x0f200000, 0x0fa80000, 0x14750000)
  eden space 7040K,   0% used [0x0f200000, 0x0f200000, 0x0f8e0000)
  from space 832K,  35% used [0x0f9b0000, 0x0f9f9d78, 0x0fa80000)
  to   space 832K,   0% used [0x0f8e0000, 0x0f8e0000, 0x0f9b0000)
 tenured generation   total 17200K, used 13150K [0x14750000, 0x1581c000, 0x1f200000)
   the space 17200K,  76% used [0x14750000, 0x154279a0, 0x15427a00, 0x1581c000)
 Metaspace       used 13974K, capacity 14178K, committed 14336K, reserved 14720K
}
Event: 3.356 GC heap before
{Heap before GC invocations=23 (full 1):
 def new generation   total 7872K, used 7335K [0x0f200000, 0x0fa80000, 0x14750000)
  eden space 7040K, 100% used [0x0f200000, 0x0f8e0000, 0x0f8e0000)
  from space 832K,  35% used [0x0f9b0000, 0x0f9f9d78, 0x0fa80000)
  to   space 832K,   0% used [0x0f8e0000, 0x0f8e0000, 0x0f9b0000)
 tenured generation   total 17200K, used 13150K [0x14750000, 0x1581c000, 0x1f200000)
   the space 17200K,  76% used [0x14750000, 0x154279a0, 0x15427a00, 0x1581c000)
 Metaspace       used 15166K, capacity 15382K, committed 15616K, reserved 15744K
Event: 3.363 GC heap after
Heap after GC invocations=24 (full 1):
 def new generation   total 7872K, used 832K [0x0f200000, 0x0fa80000, 0x14750000)
  eden space 7040K,   0% used [0x0f200000, 0x0f200000, 0x0f8e0000)
  from space 832K, 100% used [0x0f8e0000, 0x0f9b0000, 0x0f9b0000)
  to   space 832K,   0% used [0x0f9b0000, 0x0f9b0000, 0x0fa80000)
 tenured generation   total 17200K, used 14452K [0x14750000, 0x1581c000, 0x1f200000)
   the space 17200K,  84% used [0x14750000, 0x1556d078, 0x1556d200, 0x1581c000)
 Metaspace       used 15166K, capacity 15382K, committed 15616K, reserved 15744K
}
Event: 3.480 GC heap before
{Heap before GC invocations=24 (full 1):
 def new generation   total 7872K, used 6126K [0x0f200000, 0x0fa80000, 0x14750000)
  eden space 7040K,  75% used [0x0f200000, 0x0f72b9c0, 0x0f8e0000)
  from space 832K, 100% used [0x0f8e0000, 0x0f9b0000, 0x0f9b0000)
  to   space 832K,   0% used [0x0f9b0000, 0x0f9b0000, 0x0fa80000)
 tenured generation   total 17200K, used 14452K [0x14750000, 0x1581c000, 0x1f200000)
   the space 17200K,  84% used [0x14750000, 0x1556d078, 0x1556d200, 0x1581c000)
 Metaspace       used 15405K, capacity 15606K, committed 15744K, reserved 15744K
Event: 3.519 GC heap after
Heap after GC invocations=25 (full 2):
 def new generation   total 13248K, used 0K [0x0f200000, 0x10060000, 0x14750000)
  eden space 11776K,   0% used [0x0f200000, 0x0f200000, 0x0fd80000)
  from space 1472K,   0% used [0x0fd80000, 0x0fd80000, 0x0fef0000)
  to   space 1472K,   0% used [0x0fef0000, 0x0fef0000, 0x10060000)
 tenured generation   total 29192K, used 17515K [0x14750000, 0x163d2000, 0x1f200000)
   the space 29192K,  59% used [0x14750000, 0x1586ac50, 0x1586ae00, 0x163d2000)
 Metaspace       used 15405K, capacity 15606K, committed 15744K, reserved 15744K
}

Deoptimization events (0 events):
No events

Internal exceptions (10 events):
Event: 0.255 Thread 0x0117c800 Exception <a 'java/lang/ClassNotFoundException': org/apache/log4j/WriterAppenderCustomizer> (0x0f59a8f0) thrown at [C:\re\workspace\8-2-build-windows-i586-cygwin\jdk8u111\7883\hotspot\src\share\vm\classfile\systemDictionary.cpp, line 210]
Event: 0.256 Thread 0x0117c800 Exception <a 'java/lang/ClassNotFoundException': org/apache/log4j/FileAppenderCustomizer> (0x0f5ad648) thrown at [C:\re\workspace\8-2-build-windows-i586-cygwin\jdk8u111\7883\hotspot\src\share\vm\classfile\systemDictionary.cpp, line 210]
Event: 0.257 Thread 0x0117c800 Exception <a 'java/lang/ClassNotFoundException': org/apache/log4j/RollingFileAppenderCustomizer> (0x0f5c1060) thrown at [C:\re\workspace\8-2-build-windows-i586-cygwin\jdk8u111\7883\hotspot\src\share\vm\classfile\systemDictionary.cpp, line 210]
Event: 0.272 Thread 0x0117c800 Exception <a 'java/io/FileNotFoundException'> (0x0f6235e0) thrown at [C:\re\workspace\8-2-build-windows-i586-cygwin\jdk8u111\7883\hotspot\src\share\vm\prims\jni.cpp, line 709]
Event: 0.307 Thread 0x0117c800 Exception <a 'java/lang/NoSuchFieldError': method resolution failed> (0x0f28c7d0) thrown at [C:\re\workspace\8-2-build-windows-i586-cygwin\jdk8u111\7883\hotspot\src\share\vm\prims\methodHandles.cpp, line 1146]
Event: 0.308 Thread 0x0117c800 Exception <a 'java/lang/NoSuchFieldError': method resolution failed> (0x0f298900) thrown at [C:\re\workspace\8-2-build-windows-i586-cygwin\jdk8u111\7883\hotspot\src\share\vm\prims\methodHandles.cpp, line 1146]
Event: 0.366 Thread 0x0117c800 Exception <a 'java/io/FileNotFoundException'> (0x0f34e6e0) thrown at [C:\re\workspace\8-2-build-windows-i586-cygwin\jdk8u111\7883\hotspot\src\share\vm\prims\jni.cpp, line 709]
Event: 1.893 Thread 0x049b8400 Exception <a 'java/io/FileNotFoundException'> (0x0f43a398) thrown at [C:\re\workspace\8-2-build-windows-i586-cygwin\jdk8u111\7883\hotspot\src\share\vm\prims\jni.cpp, line 709]
Event: 3.007 Thread 0x049b8400 Exception <a 'java/lang/reflect/InvocationTargetException'> (0x0f25d840) thrown at [C:\re\workspace\8-2-build-windows-i586-cygwin\jdk8u111\7883\hotspot\src\share\vm\runtime\reflection.cpp, line 1092]
Event: 3.416 Thread 0x049b8400 Implicit null exception at 0x01d2f74f to 0x01d30fc3

Events (10 events):
Event: 5.124 loading class com/sun/jna/NativeString
Event: 5.124 loading class com/sun/jna/NativeString done
Event: 5.126 loading class com/sun/jna/Memory$SharedMemory
Event: 5.126 loading class com/sun/jna/Memory$SharedMemory done
Event: 5.127 loading class com/sun/jna/WString
Event: 5.127 loading class com/sun/jna/WString done
Event: 5.128 loading class com/sun/jna/StringArray
Event: 5.128 loading class com/sun/jna/StringArray done
Event: 5.128 loading class com/sun/jna/Function$PostCallRead
Event: 5.128 loading class com/sun/jna/Function$PostCallRead done


Dynamic libraries:
0x01330000 - 0x01363000 	C:\Program Files\Java\jre1.8.0_111\bin\javaw.exe
0x76e20000 - 0x76f62000 	C:\Windows\SYSTEM32\ntdll.dll
0x76680000 - 0x76755000 	C:\Windows\system32\kernel32.dll
0x75200000 - 0x7524b000 	C:\Windows\system32\KERNELBASE.dll
0x75350000 - 0x753f1000 	C:\Windows\system32\ADVAPI32.dll
0x752a0000 - 0x7534c000 	C:\Windows\system32\msvcrt.dll
0x758d0000 - 0x758e9000 	C:\Windows\SYSTEM32\sechost.dll
0x76760000 - 0x76802000 	C:\Windows\system32\RPCRT4.dll
0x75520000 - 0x755e9000 	C:\Windows\system32\USER32.dll
0x757c0000 - 0x7580e000 	C:\Windows\system32\GDI32.dll
0x758c0000 - 0x758ca000 	C:\Windows\system32\LPK.dll
0x75820000 - 0x758bd000 	C:\Windows\system32\USP10.dll
0x73b30000 - 0x73cce000 	C:\Windows\WinSxS\x86_microsoft.windows.common-controls_6595b64144ccf1df_6.0.7601.18837_none_41e855142bd5705d\COMCTL32.dll
0x75480000 - 0x754d7000 	C:\Windows\system32\SHLWAPI.dll
0x77050000 - 0x7706f000 	C:\Windows\system32\IMM32.DLL
0x756f0000 - 0x757bc000 	C:\Windows\system32\MSCTF.dll
0x74ee0000 - 0x74f0b000 	C:\Windows\system32\nvinit.dll
0x74ed0000 - 0x74ed9000 	C:\Windows\system32\VERSION.dll
0x0f000000 - 0x0f006000 	C:\Program Files\NVIDIA Corporation\CoProcManager\detoured.dll
0x72e90000 - 0x72eba000 	C:\Program Files\NVIDIA Corporation\CoProcManager\nvd3d9wrap.dll
0x76b20000 - 0x76cbd000 	C:\Windows\system32\SETUPAPI.dll
0x751a0000 - 0x751c7000 	C:\Windows\system32\CFGMGR32.dll
0x755f0000 - 0x75681000 	C:\Windows\system32\OLEAUT32.dll
0x76cc0000 - 0x76e1c000 	C:\Windows\system32\ole32.dll
0x74f90000 - 0x74fa2000 	C:\Windows\system32\DEVOBJ.dll
0x72e70000 - 0x72e8e000 	C:\Program Files\NVIDIA Corporation\CoProcManager\nvdxgiwrap.dll
0x5d5a0000 - 0x5d65f000 	C:\Program Files\Java\jre1.8.0_111\bin\msvcr100.dll
0x50630000 - 0x509fd000 	C:\Program Files\Java\jre1.8.0_111\bin\client\jvm.dll
0x6d100000 - 0x6d107000 	C:\Windows\system32\WSOCK32.dll
0x754e0000 - 0x75515000 	C:\Windows\system32\WS2_32.dll
0x75810000 - 0x75816000 	C:\Windows\system32\NSI.dll
0x72ac0000 - 0x72af2000 	C:\Windows\system32\WINMM.dll
0x76f70000 - 0x76f75000 	C:\Windows\system32\PSAPI.DLL
0x735c0000 - 0x735cc000 	C:\Program Files\Java\jre1.8.0_111\bin\verify.dll
0x70f70000 - 0x70f91000 	C:\Program Files\Java\jre1.8.0_111\bin\java.dll
0x71170000 - 0x71183000 	C:\Program Files\Java\jre1.8.0_111\bin\zip.dll
0x758f0000 - 0x7653b000 	C:\Windows\system32\SHELL32.dll
0x74f10000 - 0x74f1b000 	C:\Windows\system32\profapi.dll
0x620b0000 - 0x621f6000 	C:\Program Files\Java\jre1.8.0_111\bin\awt.dll
0x73e40000 - 0x73e80000 	C:\Windows\system32\uxtheme.dll
0x6f7c0000 - 0x6f818000 	C:\Program Files\Common Files\microsoft shared\ink\tiptsf.dll
0x738a0000 - 0x738b3000 	C:\Windows\system32\dwmapi.dll
0x74e50000 - 0x74e5c000 	C:\Windows\system32\CRYPTBASE.dll
0x74e00000 - 0x74e4c000 	C:\Windows\system32\apphelp.dll
0x71100000 - 0x71116000 	C:\Program Files\Java\jre1.8.0_111\bin\net.dll
0x74930000 - 0x7496c000 	C:\Windows\system32\mswsock.dll
0x74920000 - 0x74926000 	C:\Windows\System32\wship6.dll
0x710c0000 - 0x710cf000 	C:\Program Files\Java\jre1.8.0_111\bin\nio.dll
0x626d0000 - 0x62709000 	C:\Program Files\Java\jre1.8.0_111\bin\fontmanager.dll
0x732c0000 - 0x732d0000 	C:\Windows\system32\NLAapi.dll
0x6c630000 - 0x6c640000 	C:\Windows\system32\napinsp.dll
0x6c5c0000 - 0x6c5d2000 	C:\Windows\system32\pnrpnsp.dll
0x747f0000 - 0x74834000 	C:\Windows\system32\DNSAPI.dll
0x6c5b0000 - 0x6c5b8000 	C:\Windows\System32\winrnr.dll
0x6c5a0000 - 0x6c5ad000 	C:\Windows\system32\wshbth.dll
0x74430000 - 0x74435000 	C:\Windows\System32\wshtcpip.dll
0x731f0000 - 0x7320c000 	C:\Windows\system32\IPHLPAPI.DLL
0x731d0000 - 0x731d7000 	C:\Windows\system32\WINNSI.DLL
0x6acd0000 - 0x6acd6000 	C:\Windows\system32\rasadhlp.dll
0x723d0000 - 0x72408000 	C:\Windows\System32\fwpuclnt.dll
0x76f80000 - 0x77003000 	C:\Windows\system32\CLBCatQ.DLL
0x73470000 - 0x734ac000 	C:\Windows\system32\oleacc.dll
0x75400000 - 0x7547b000 	C:\Windows\system32\COMDLG32.dll
0x71750000 - 0x717a1000 	C:\Windows\system32\WINSPOOL.DRV
0x6a900000 - 0x6a962000 	C:\Windows\system32\spool\DRIVERS\W32X86\3\xrxs1du.dll
0x74de0000 - 0x74dfb000 	C:\Windows\system32\SspiCli.dll
0x067c0000 - 0x068a9000 	C:\Windows\system32\spool\DRIVERS\W32X86\3\xrxs1.dll
0x73730000 - 0x73861000 	C:\Windows\system32\WindowsCodecs.dll
0x69cf0000 - 0x69d24000 	C:\Program Files\360\360Safe\safemon\360UDiskGuard.dll
0x69cb0000 - 0x69ce1000 	C:\Windows\system32\EhStorShell.dll
0x740b0000 - 0x741a5000 	C:\Windows\system32\PROPSYS.dll
0x69c40000 - 0x69caa000 	C:\Windows\System32\cscui.dll
0x69c30000 - 0x69c39000 	C:\Windows\System32\CSCDLL.dll
0x69c20000 - 0x69c2b000 	C:\Windows\system32\CSCAPI.dll
0x69b00000 - 0x69b70000 	C:\Windows\system32\ntshrui.dll
0x74c10000 - 0x74c29000 	C:\Windows\system32\srvcli.dll
0x734b0000 - 0x734ba000 	C:\Windows\system32\slc.dll
0x622b0000 - 0x622e2000 	C:\Program Files\Java\jre1.8.0_111\bin\t2k.dll
0x74970000 - 0x74987000 	C:\Windows\system32\CRYPTSP.dll
0x74700000 - 0x7473b000 	C:\Windows\system32\rsaenh.dll
0x74510000 - 0x74527000 	C:\Windows\system32\USERENV.dll
0x717b0000 - 0x717c2000 	C:\Windows\system32\dhcpcsvc.DLL
0x71740000 - 0x7174d000 	C:\Windows\system32\dhcpcsvc6.DLL
0x637c0000 - 0x637cb000 	G:\WorkspaceZ\ContourApp\natives\windows-i586\gluegen-rt.dll
0x71140000 - 0x71146000 	C:\Program Files\Java\jre1.8.0_111\bin\jawt.dll
0x6a440000 - 0x6a44b000 	C:\Users\Administrator.PC-201609131709\AppData\Local\Temp\jogamp_0000\file_cache\jln6008409925058830799\jln7364558834131890162\natives\windows-i586\nativewindow_awt.dll
0x6c100000 - 0x6c10d000 	C:\Users\Administrator.PC-201609131709\AppData\Local\Temp\jogamp_0000\file_cache\jln6008409925058830799\jln7364558834131890162\natives\windows-i586\nativewindow_win32.dll
0x65e20000 - 0x65ee8000 	C:\Windows\system32\OpenGL32.dll
0x70580000 - 0x705a2000 	C:\Windows\system32\GLU32.dll
0x65bb0000 - 0x65c97000 	C:\Windows\system32\DDRAW.dll
0x65fc0000 - 0x65fc6000 	C:\Windows\system32\DCIMAN32.dll
0x64500000 - 0x645a1000 	C:\Users\Administrator.PC-201609131709\AppData\Local\Temp\jogamp_0000\file_cache\jln6008409925058830799\jln7364558834131890162\natives\windows-i586\jogl_desktop.dll
0x64340000 - 0x6439a000 	C:\Users\Administrator.PC-201609131709\AppData\Local\Temp\jogamp_0000\file_cache\jln6008409925058830799\jln7364558834131890162\natives\windows-i586\jogl_mobile.dll
0x751d0000 - 0x751ff000 	C:\Windows\system32\WINTRUST.dll
0x74fb0000 - 0x750d1000 	C:\Windows\system32\CRYPT32.dll
0x74f80000 - 0x74f8c000 	C:\Windows\system32\MSASN1.dll
0x770c0000 - 0x77719000 	C:\Windows\system32\ig75icd32.dll
0x5cdf0000 - 0x5d165000 	C:\Windows\system32\igdusc32.dll
0x744b0000 - 0x744bd000 	C:\Windows\system32\WTSAPI32.dll
0x05dd0000 - 0x05e22000 	C:\Users\Administrator.PC-201609131709\AppData\Local\Temp\jna4787548129373140321.tmp
0x0e0a0000 - 0x0e256000 	C:\Program Files\Java\jre1.8.0_111\bin\ZJDLL.DLL
0x085c0000 - 0x0862e000 	C:\Program Files\Common Files\MSSoap\Binaries\MSSOAP30.dll
0x76540000 - 0x76680000 	C:\Windows\system32\urlmon.dll
0x750e0000 - 0x7510f000 	C:\Windows\system32\XmlLite.dll
0x76810000 - 0x76905000 	C:\Windows\system32\WININET.dll
0x76910000 - 0x76b11000 	C:\Windows\system32\iertutil.dll
0x04380000 - 0x0438b000 	C:\Program Files\Common Files\MSSoap\Binaries\Resources\1033\MSSOAPR3.DLL
0x052a0000 - 0x052b9000 	C:\Program Files\Common Files\MSSoap\Binaries\WHSC30.dll
0x6c640000 - 0x6c698000 	C:\Windows\system32\WINHTTP.dll
0x6c5e0000 - 0x6c62f000 	C:\Windows\system32\webio.dll
0x74600000 - 0x74608000 	C:\Windows\system32\credssp.dll
0x0e450000 - 0x0e57e000 	C:\Windows\system32\msxml4.dll
0x6cbb0000 - 0x6cc9b000 	C:\Windows\system32\dbghelp.dll

VM Arguments:
jvm_args: -Dfile.encoding=GBK 
java_command: App.CoutourDetection
java_class_path (initial): G:\WorkspaceZ\ContourApp\bin;G:\WorkspaceZ\ContourApp\lib\android-support-v4.jar;G:\WorkspaceZ\ContourApp\lib\http\commons-beanutils-1.3.jar;G:\WorkspaceZ\ContourApp\lib\http\commons-collections-3.2.2.jar;G:\WorkspaceZ\ContourApp\lib\http\commons-lang-2.4.jar;G:\WorkspaceZ\ContourApp\lib\http\commons-logging-1.2.jar;G:\WorkspaceZ\ContourApp\lib\http\ezmorph-1.0.4.jar;G:\WorkspaceZ\ContourApp\lib\http\httpclient-4.5.2.jar;G:\WorkspaceZ\ContourApp\lib\http\httpcore-4.4.4.jar;G:\WorkspaceZ\ContourApp\lib\http\json-lib-2.1.jar;G:\WorkspaceZ\ContourApp\lib\jogl-2.1\gluegen-rt.jar;G:\WorkspaceZ\ContourApp\lib\jogl-2.1\jogl-all-natives-windows-i586.jar;G:\WorkspaceZ\ContourApp\lib\jogl-2.1\jogl-all.jar;G:\WorkspaceZ\ContourApp\lib\log4j-1.2.17.jar;G:\WorkspaceZ\ContourApp\lib\modbus4J.jar;G:\WorkspaceZ\ContourApp\lib\mysql-connector-java-5.1.38-bin.jar;G:\WorkspaceZ\ContourApp\lib\opencv-310.jar;G:\WorkspaceZ\ContourApp\lib\RXTXcomm.jar;G:\WorkspaceZ\ContourApp\lib\seroUtils.jar;G:\WorkspaceZ\ContourApp\lib\pinyin4j-2.5.0.jar;G:\WorkspaceZ\ContourApp\lib\AlgorithmLayer.jar;G:\WorkspaceZ\ContourApp\lib\Java3D\j3dcore.jar;G:\WorkspaceZ\ContourApp\lib\Java3D\j3dutils.jar;G:\WorkspaceZ\ContourApp\lib\Java3D\vecmath.jar;G:\WorkspaceZ\ContourApp\lib\JTS\jdom.jar;G:\WorkspaceZ\ContourApp\lib\JTS\JTS_Test.jar;G:\WorkspaceZ\ContourApp\lib\JTS\jts-1.14-sources.jar;G:\WorkspaceZ\ContourApp\lib\JTS\jts-1.14.jar;G:\WorkspaceZ\ContourApp\lib\JTS\jtsio-1.14-sources.jar;G:\WorkspaceZ\ContourApp\lib\JTS\jtsio-1.14.jar;G:\WorkspaceZ\ContourApp\lib\JTS\junit.jar;G:\WorkspaceZ\ContourApp\lib\JTS\xerces.jar;G:\WorkspaceZ\ContourApp\lib\SensorLayer.jar;G:\WorkspaceZ\ContourApp\lib\examples.jar;G:\WorkspaceZ\ContourApp\lib\jna.jar
Launcher Type: SUN_STANDARD

Environment Variables:
CLASSPATH=G: \java_try
PATH=C:/Program Files/Java/jre1.8.0_111/bin/client;C:/Program Files/Java/jre1.8.0_111/bin;C:/Program Files/Java/jre1.8.0_111/lib/i386;C:\ProgramData\Oracle\Java\javapath;C:\jdk1.8.0_111\bin;C:\Windows\system32;C:\Windows;C:\Windows\System32\Wbem;C:\Windows\System32\WindowsPowerShell\v1.0\;C:\Program Files\IDM Computer Solutions\UltraEdit;c:jdk1.8.0_71\bin;F:\test;F:\MyDownloads\Download\eclipse-java-mars-1-win32\eclipse;
USERNAME=Administrator
OS=Windows_NT
PROCESSOR_IDENTIFIER=x86 Family 6 Model 69 Stepping 1, GenuineIntel



---------------  S Y S T E M  ---------------

OS: Windows 7 Build 7601 (6.1.7601.19135)

CPU:total 4 (2 cores per cpu, 2 threads per core) family 6 model 69 stepping 1, cmov, cx8, fxsr, mmx, sse, sse2, sse3, ssse3, sse4.1, sse4.2, popcnt, avx, avx2, aes, clmul, erms, lzcnt, ht, tsc, tscinvbit, bmi1, bmi2

Memory: 4k page, physical 3323916k(873664k free), swap 7505240k(4975796k free)

vm_info: Java HotSpot(TM) Client VM (25.111-b14) for windows-x86 JRE (1.8.0_111-b14), built on Sep 22 2016 18:54:33 by "java_re" with MS VC++ 10.0 (VS2010)

time: Fri Mar 24 18:01:43 2017
elapsed time: 6 seconds (0d 0h 0m 6s)

