2016-12-24 15:27:08,183 [car_out]-[DEBUG] 2016-06-11 14:50:15,046 W 2475 H 3400 L 9062 C 0 T 11874 GL 0 GW 0 GH 0 QL 0 QW 0 QH 0 B 0 ZN 0
2016-12-26 14:11:04,781 [car_out]-[DEBUG] 2016-06-11 14:50:15,046 W 2475 H 3400 L 9062 C 0 T 11874 GL 0 GW 0 GH 0 QL 0 QW 0 QH 0 B 0 ZN 0
2016-12-26 14:17:46,912 [car_out]-[DEBUG] 2016-06-11 14:50:15,046 W 2475 H 3400 L 9062 C 0 T 11874 GL 0 GW 0 GH 0 QL 0 QW 0 QH 0 B 0 ZN 0
2016-12-26 14:18:03,682 [car_out]-[DEBUG] 2016-06-11 14:51:37,000 W 2479 H 3402 L 9044 C 0 T 9192 GL 0 GW 0 GH 0 QL 0 QW 0 QH 0 B 0 ZN 0
2016-12-26 14:18:18,624 [car_out]-[DEBUG] 2016-06-11 14:52:39,828 W 2475 H 3393 L 9054 C 0 T 10867 GL 0 GW 0 GH 0 QL 0 QW 0 QH 0 B 0 ZN 0
2016-12-26 16:08:42,561 [car_out]-[DEBUG] 2016-06-11 14:50:15,046 W 2475 H 3400 L 9047 C 0 T 11874 GL 0 GW 0 GH 0 QL 0 QW 0 QH 0 B 0 ZN 0
2016-12-26 16:08:57,562 [car_out]-[DEBUG] 2016-06-11 14:51:37,000 W 2479 H 3402 L 9044 C 0 T 9192 GL 0 GW 0 GH 0 QL 0 QW 0 QH 0 B 0 ZN 0
2016-12-26 16:10:49,850 [car_out]-[DEBUG] 2016-06-11 14:50:15,046 W 2475 H 3400 L 9047 C 0 T 11874 GL 0 GW 0 GH 0 QL 0 QW 0 QH 0 B 0 ZN 0
2016-12-26 16:11:00,691 [car_out]-[DEBUG] 2016-06-11 14:50:59,828 W 2478 H 3397 L 9067 C 0 T 15899 GL 0 GW 0 GH 0 QL 0 QW 0 QH 0 B 0 ZN 0
2016-12-26 16:11:05,650 [car_out]-[DEBUG] 2016-06-11 14:51:37,000 W 2479 H 3402 L 9044 C 0 T 9192 GL 0 GW 0 GH 0 QL 0 QW 0 QH 0 B 0 ZN 0
2016-12-26 16:11:15,741 [car_out]-[DEBUG] 2016-06-11 14:52:05,734 W 2476 H 3402 L 9040 C 0 T 12469 GL 0 GW 0 GH 0 QL 0 QW 0 QH 0 B 0 ZN 0
2016-12-26 16:11:20,948 [car_out]-[DEBUG] 2016-06-11 14:52:39,828 W 2475 H 3393 L 9054 C 0 T 10867 GL 0 GW 0 GH 0 QL 0 QW 0 QH 0 B 0 ZN 0
2016-12-26 16:20:33,514 [car_out]-[DEBUG] 2016-06-11 14:50:15,046 W 2475 H 3400 L 9047 C 0 T 11874 GL 0 GW 0 GH 0 QL 0 QW 0 QH 0 B 0 ZN 0
2016-12-26 16:20:44,884 [car_out]-[DEBUG] 2016-06-11 14:50:59,828 W 2478 H 3397 L 9067 C 0 T 15899 GL 0 GW 0 GH 0 QL 0 QW 0 QH 0 B 0 ZN 0
2016-12-26 16:20:49,907 [car_out]-[DEBUG] 2016-06-11 14:51:37,000 W 2479 H 3402 L 9044 C 0 T 9192 GL 0 GW 0 GH 0 QL 0 QW 0 QH 0 B 0 ZN 0
2016-12-26 16:20:59,842 [car_out]-[DEBUG] 2016-06-11 14:52:05,734 W 2476 H 3402 L 9040 C 0 T 12469 GL 0 GW 0 GH 0 QL 0 QW 0 QH 0 B 0 ZN 0
2016-12-26 16:21:05,237 [car_out]-[DEBUG] 2016-06-11 14:52:39,828 W 2475 H 3393 L 9054 C 0 T 10867 GL 0 GW 0 GH 0 QL 0 QW 0 QH 0 B 0 ZN 0
2017-03-06 11:12:41,751 [car_out]-[DEBUG] 2016-04-29 16:17:57,140 W 1691 H 1471 L 4595 C 0 T 4777 B 0 ZN 0 QL 0 QW 0 QH 0 QZN 0 GL 0 GW 0 GH 0 GZN 0
2017-03-06 11:13:44,465 [car_out]-[DEBUG] 2016-04-29 16:17:57,140 W 1691 H 1471 L 4595 C 0 T 4777 B 0 ZN 0 QL 0 QW 0 QH 0 QZN 0 GL 0 GW 0 GH 0 GZN 0
2017-03-06 11:14:17,684 [car_out]-[DEBUG] 2016-04-29 16:23:30,375 W 1689 H 1471 L 4582 C 0 T 4346 B 0 ZN 0 QL 0 QW 0 QH 0 QZN 0 GL 0 GW 0 GH 0 GZN 0
2017-03-17 18:55:00,920 [car_out]-[DEBUG] 2016-04-29 16:17:57,140 W 1691 H 1471 L 4595 C 0 T 4777 B 0 ZN 0 QL 0 QW 0 QH 0 QZN 0 GL 0 GW 0 GH 0 GOH 0 GZN 0
2017-03-22 09:31:57,299 [car_out]-[DEBUG] 2017-03-14 16:27:42,015 W 2482 H 3763 L 9030 C 0 T 11035 B 0 ZN 2 Z0 5276 QL 0 QW 0 QH 0 QZN 0 GL 0 GW 0 GH 0 GOH 0 GZN 0 XZJ 0
2017-03-22 09:32:05,614 [car_out]-[DEBUG] 2017-03-14 16:32:30,281 W 2525 H 4066 L 9807 C 0 T 6974 B 0 ZN 3 Z0 4165 Z1 1347 QL 0 QW 0 QH 0 QZN 0 GL 0 GW 0 GH 0 GOH 0 GZN 0 XZJ 0
2017-03-22 09:32:22,013 [car_out]-[DEBUG] 2017-03-14 16:42:17,406 W 2583 H 3343 L 16656 C 0 T 13286 B 0 ZN 6 Z0 1704 Z1 2442 Z2 5849 Z3 1316 Z4 1280 QL 0 QW 0 QH 0 QZN 0 GL 0 GW 0 GH 0 GOH 0 GZN 0 XZJ 0
2017-03-22 09:32:37,674 [car_out]-[DEBUG] 2017-03-14 16:46:08,031 W 2590 H 3347 L 16630 C 0 T 25168 B 0 ZN 6 Z0 1666 Z1 2473 Z2 5829 Z3 1311 Z4 1286 QL 0 QW 0 QH 0 QZN 0 GL 0 GW 0 GH 0 GOH 0 GZN 0 XZJ 0
2017-03-22 09:33:12,962 [car_out]-[DEBUG] 2017-03-14 17:01:46,421 W 1830 H 2677 L 23084 C 0 T 8522 B 0 ZN 1 QL 0 QW 0 QH 0 QZN 0 GL 0 GW 0 GH 0 GOH 0 GZN 0 XZJ 0
2017-03-22 09:33:20,554 [car_out]-[DEBUG] 2017-03-14 17:02:28,546 W 1941 H 2676 L 5955 C 0 T 4397 B 0 ZN 2 Z0 3500 QL 0 QW 0 QH 0 QZN 0 GL 0 GW 0 GH 0 GOH 0 GZN 0 XZJ 0
2017-03-22 09:33:30,426 [car_out]-[DEBUG] 2017-03-14 17:04:41,875 W 1950 H 2678 L 5966 C 0 T 5543 B 0 ZN 2 Z0 3166 QL 0 QW 0 QH 0 QZN 0 GL 0 GW 0 GH 0 GOH 0 GZN 0 XZJ 0
2017-03-22 09:33:32,442 [car_out]-[DEBUG] 2017-03-14 17:05:04,796 W 1925 H 2671 L 5941 C 0 T 3209 B 0 ZN 2 Z0 3404 QL 0 QW 0 QH 0 QZN 0 GL 0 GW 0 GH 0 GOH 0 GZN 0 XZJ 0
2017-03-22 09:33:42,643 [car_out]-[DEBUG] 2017-03-14 17:08:47,078 W 2521 H 3958 L 9798 C 0 T 8024 B 0 ZN 3 Z0 4079 Z1 1341 QL 0 QW 0 QH 0 QZN 0 GL 0 GW 0 GH 0 GOH 0 GZN 0 XZJ 0
2017-03-23 16:53:21,587 [car_out]-[DEBUG] 2015-11-05 14:58:27,000 W 1700 H 2400 L 15000 C 0 T 6000 B 0 ZN 6 Z0 1000 Z1 1200 Z2 1400 Z3 1600 Z4 1800 QL 3000 QW 1400 QH 2200 QZN 3 QZ0 1600 QZ1 1800 GL 12000 GW 1500 GH 2300 GOH 2350 GZN 3 GZ0 1000 GZ1 1200 XZJ 7000
2017-03-27 14:51:45,445 [car_out]-[DEBUG] 2017-03-14 16:27:42,015 W 2482 H 3763 L 9035 C 0 T 11035 B 0 ZN 2 Z0 5276 QL 0 QW 0 QH 0 QZN 0 GL 0 GW 0 GH 0 GOH 0 GZN 0 XZJ 0
2017-03-27 14:52:15,621 [car_out]-[DEBUG] 2017-03-14 16:42:17,406 W 2583 H 3343 L 16656 C 0 T 13286 B 0 ZN 6 Z0 1704 Z1 2442 Z2 5849 Z3 1316 Z4 1280 QL 0 QW 0 QH 0 QZN 0 GL 0 GW 0 GH 0 GOH 0 GZN 0 XZJ 0
2017-03-27 14:52:26,866 [car_out]-[DEBUG] 2017-03-14 16:46:08,031 W 2590 H 3347 L 16630 C 0 T 25168 B 0 ZN 6 Z0 1666 Z1 2473 Z2 5829 Z3 1311 Z4 1286 QL 0 QW 0 QH 0 QZN 0 GL 0 GW 0 GH 0 GOH 0 GZN 0 XZJ 0
2017-03-27 14:54:41,215 [car_out]-[DEBUG] 2017-03-14 16:27:42,015 W 2482 H 3763 L 9035 C 0 T 11035 B 0 ZN 2 Z0 5276 QL 0 QW 0 QH 0 QZN 0 GL 0 GW 0 GH 0 GOH 0 GZN 0 XZJ 0
2017-03-27 15:06:49,437 [car_out]-[DEBUG] 2017-03-14 16:27:42,015 W 2482 H 3763 L 9035 C 0 T 11035 B 0 ZN 1 QL 0 QW 0 QH 0 QZN 0 GL 0 GW 0 GH 0 GOH 0 GZN 0 XZJ 0
2017-03-27 15:32:10,314 [car_out]-[DEBUG] 2017-03-14 16:27:42,015 W 2482 H 3763 L 9035 C 0 T 11035 B 0 ZN 2 Z0 5276 QL 0 QW 0 QH 0 QZN 0 GL 0 GW 0 GH 0 GOH 0 GZN 0 XZJ 0
2017-03-27 15:32:18,850 [car_out]-[DEBUG] 2017-03-14 16:32:30,281 W 2525 H 4066 L 9809 C 0 T 6974 B 0 ZN 2 Z0 4165 QL 0 QW 0 QH 0 QZN 0 GL 0 GW 0 GH 0 GOH 0 GZN 0 XZJ 0
2017-03-27 15:32:37,808 [car_out]-[DEBUG] 2017-03-14 16:42:17,406 W 2583 H 3343 L 16660 C 0 T 13286 B 0 ZN 0 QL 0 QW 0 QH 0 QZN 0 GL 0 GW 0 GH 0 GOH 0 GZN 0 XZJ 0
2017-03-27 15:32:55,314 [car_out]-[DEBUG] 2017-03-14 16:46:08,031 W 2590 H 3347 L 16630 C 0 T 25168 B 0 ZN 6 Z0 1666 Z1 2473 Z2 5829 Z3 1311 Z4 1286 QL 0 QW 0 QH 0 QZN 0 GL 0 GW 0 GH 0 GOH 0 GZN 0 XZJ 0
2017-03-27 15:33:43,758 [car_out]-[DEBUG] 2017-03-14 17:01:46,421 W 1830 H 2677 L 23084 C 0 T 8522 B 0 ZN 1 QL 0 QW 0 QH 0 QZN 0 GL 0 GW 0 GH 0 GOH 0 GZN 0 XZJ 0
2017-03-27 15:34:01,431 [car_out]-[DEBUG] 2017-03-14 17:04:41,875 W 1950 H 2678 L 5966 C 0 T 5543 B 0 ZN 0 QL 0 QW 0 QH 0 QZN 0 GL 0 GW 0 GH 0 GOH 0 GZN 0 XZJ 0
2017-03-27 15:34:14,418 [car_out]-[DEBUG] 2017-03-14 17:08:47,078 W 2521 H 3958 L 9798 C 0 T 8024 B 0 ZN 0 QL 0 QW 0 QH 0 QZN 0 GL 0 GW 0 GH 0 GOH 0 GZN 0 XZJ 0
2017-04-11 21:14:35,356 [car_out]-[DEBUG] 2015-11-05 14:58:27,000 W 1700 H 2400 L 15000 C 0 T 6000 B 0 ZN 6 Z0 1000 Z1 1200 Z2 1400 Z3 1600 Z4 1800 QL 3000 QW 1400 QH 2200 QZN 3 QZ0 1600 QZ1 1800 GL 12000 GW 1500 GH 2300 GOH 2350 GZN 3 GZ0 1000 GZ1 1200 XZJ 7000
2017-04-13 11:20:12,480 [car_out]-[DEBUG] 2015-11-05 14:58:27,000 W 1700 H 2400 L 15000 C 0 T 6000 B 0 ZN 6 Z0 1000 Z1 1200 Z2 1400 Z3 1600 Z4 1800 QL 3000 QW 1400 QH 2200 QZN 3 QZ0 1600 QZ1 1800 GL 12000 GW 1500 GH 2300 GOH 2350 GZN 3 GZ0 1000 GZ1 1200 XZJ 7000
2017-04-17 15:01:20,204 [car_out]-[DEBUG] 2015-11-05 14:58:27,000 W 1700 H 2400 L 15000 C 0 T 6000 B 0 ZN 6 Z0 1000 Z1 1200 Z2 1400 Z3 1600 Z4 1800 QL 3000 QW 1400 QH 2200 QZN 3 QZ0 1600 QZ1 1800 GL 12000 GW 1500 GH 2300 GOH 2350 GZN 3 GZ0 1000 GZ1 1200 XZJ 7000
2017-04-17 15:10:31,309 [car_out]-[DEBUG] 2015-11-05 14:58:27,000 W 1700 H 2400 L 15000 C 0 T 6000 B 0 ZN 6 Z0 1000 Z1 1200 Z2 1400 Z3 1600 Z4 1800 QL 3000 QW 1400 QH 2200 QZN 3 QZ0 1600 QZ1 1800 GL 12000 GW 1500 GH 2300 GOH 2350 GZN 3 GZ0 1000 GZ1 1200 XZJ 7000
2017-04-17 16:15:45,353 [car_out]-[DEBUG] 2015-11-05 14:58:27,000 W 1700 H 2400 L 15000 C 0 T 6000 B 0 ZN 6 Z0 1000 Z1 1200 Z2 1400 Z3 1600 Z4 1800 QL 3000 QW 1400 QH 2200 QZN 3 QZ0 1600 QZ1 1800 GL 12000 GW 1500 GH 2300 GOH 2350 GZN 3 GZ0 1000 GZ1 1200 XZJ 7000
2017-04-17 16:29:51,783 [car_out]-[DEBUG] 2017-03-14 16:27:42,015 W 2476 H 3763 L 9030 C 0 T 11039 B 0 ZN 2 Z0 5270 QL 0 QW 0 QH 0 QZN 0 GL 0 GW 0 GH 0 GOH 0 GZN 0 XZJ 0
2017-04-17 16:30:17,311 [car_out]-[DEBUG] 2017-03-14 16:32:30,281 W 2531 H 4093 L 9807 C 0 T 6975 B 0 ZN 3 Z0 4165 Z1 1347 QL 0 QW 0 QH 0 QZN 0 GL 0 GW 0 GH 0 GOH 0 GZN 0 XZJ 0
2017-04-17 16:34:59,465 [car_out]-[DEBUG] 2015-11-05 14:58:27,000 W 1700 H 2400 L 15000 C 0 T 6000 B 0 ZN 6 Z0 1000 Z1 1200 Z2 1400 Z3 1600 Z4 1800 QL 3000 QW 1400 QH 2200 QZN 3 QZ0 1600 QZ1 1800 GL 12000 GW 1500 GH 2300 GOH 2350 GZN 3 GZ0 1000 GZ1 1200 XZJ 7000
2017-04-17 16:43:09,678 [car_out]-[DEBUG] 2015-11-05 14:58:27,000 W 1700 H 2400 L 15000 C 0 T 6000 B 0 ZN 6 Z0 1000 Z1 1200 Z2 1400 Z3 1600 Z4 1800 QL 3000 QW 1400 QH 2200 QZN 3 QZ0 1600 QZ1 1800 GL 12000 GW 1500 GH 2300 GOH 2350 GZN 3 GZ0 1000 GZ1 1200 XZJ 7000
2017-04-17 17:05:12,088 [car_out]-[DEBUG] 2015-11-05 14:58:27,000 W 1700 H 2400 L 15000 C 0 T 6000 B 0 ZN 6 Z0 1000 Z1 1200 Z2 1400 Z3 1600 Z4 1800 QL 3000 QW 1400 QH 2200 QZN 3 QZ0 1600 QZ1 1800 GL 12000 GW 1500 GH 2300 GOH 2350 GZN 3 GZ0 1000 GZ1 1200 XZJ 7000
2017-04-17 17:13:09,852 [car_out]-[DEBUG] 2015-11-05 14:58:27,000 W 1700 H 2400 L 15000 C 0 T 6000 B 0 ZN 6 Z0 1000 Z1 1200 Z2 1400 Z3 1600 Z4 1800 QL 3000 QW 1400 QH 2200 QZN 3 QZ0 1600 QZ1 1800 GL 12000 GW 1500 GH 2300 GOH 2350 GZN 3 GZ0 1000 GZ1 1200 XZJ 7000
2017-04-17 17:42:51,351 [car_out]-[DEBUG] 2015-11-05 14:58:27,000 W 1700 H 2400 L 15000 C 0 T 6000 B 0 ZN 6 Z0 1000 Z1 1200 Z2 1400 Z3 1600 Z4 1800 QL 3000 QW 1400 QH 2200 QZN 3 QZ0 1600 QZ1 1800 GL 12000 GW 1500 GH 2300 GOH 2350 GZN 3 GZ0 1000 GZ1 1200 XZJ 7000
2017-04-17 18:15:50,594 [car_out]-[DEBUG] 2015-11-05 14:58:27,000 V 3.21 W 1700 H 2400 L 15000 C 0 T 6000 B 0 ZN 6 Z0 1000 Z1 1200 Z2 1400 Z3 1600 Z4 1800 QL 3000 QW 1400 QH 2200 QZN 3 QZ0 1600 QZ1 1800 GL 12000 GW 1500 GH 2300 GOH 2350 GZN 3 GZ0 1000 GZ1 1200 XZJ 7000
2017-04-17 18:36:44,746 [car_out]-[DEBUG] 2015-11-05 14:58:27,000 V 3.21 W 1700 H 2400 L 15000 C 0 T 6000 B 0 ZN 6 Z0 1000 Z1 1200 Z2 1400 Z3 1600 Z4 1800 QL 3000 QW 1400 QH 2200 QZN 3 QZ0 1600 QZ1 1800 GL 12000 GW 1500 GH 2300 GOH 2350 GZN 3 GZ0 1000 GZ1 1200 XZJ 7000
2017-04-17 18:41:46,923 [car_out]-[DEBUG] 2015-11-05 14:58:27,000 V 3.21 W 1700 H 2400 L 15000 C 0 T 6000 B 0 ZN 6 Z0 1000 Z1 1200 Z2 1400 Z3 1600 Z4 1800 QL 3000 QW 1400 QH 2200 QZN 3 QZ0 1600 QZ1 1800 GL 12000 GW 1500 GH 2300 GOH 2350 GZN 3 GZ0 1000 GZ1 1200 XZJ 7000
2017-04-17 18:45:41,394 [car_out]-[DEBUG] 2015-11-05 14:58:27,000 V 3.21 W 1700 H 2400 L 15000 C 0 T 6000 B 0 ZN 6 Z0 1000 Z1 1200 Z2 1400 Z3 1600 Z4 1800 QL 3000 QW 1400 QH 2200 QZN 3 QZ0 1600 QZ1 1800 GL 12000 GW 1500 GH 2300 GOH 2350 GZN 3 GZ0 1000 GZ1 1200 XZJ 7000
2017-04-17 18:48:57,064 [car_out]-[DEBUG] 2015-11-05 14:58:27,000 V 3.21 W 1700 H 2400 L 15000 C 0 T 6000 B 0 ZN 6 Z0 1000 Z1 1200 Z2 1400 Z3 1600 Z4 1800 QL 3000 QW 1400 QH 2200 QZN 3 QZ0 1600 QZ1 1800 GL 12000 GW 1500 GH 2300 GOH 2350 GZN 3 GZ0 1000 GZ1 1200 XZJ 7000
2017-04-17 18:50:49,504 [car_out]-[DEBUG] 2017-03-14 16:27:42,015 V 3.21 W 2478 H 3763 L 9026 C 0 T 11035 B 0 ZN 2 Z0 5267 QL 0 QW 0 QH 0 QZN 0 GL 0 GW 0 GH 0 GOH 0 GZN 0 XZJ 0
2017-04-17 18:53:51,377 [car_out]-[DEBUG] 2017-03-14 16:27:42,015 V 3.21 W 2478 H 3763 L 9026 C 0 T 11035 B 0 ZN 2 Z0 5267 QL 0 QW 0 QH 0 QZN 0 GL 0 GW 0 GH 0 GOH 0 GZN 0 XZJ 0
2017-04-17 18:54:03,280 [car_out]-[DEBUG] 2017-03-14 16:32:30,281 V 3.21 W 2531 H 4093 L 9810 C 0 T 6977 B 0 ZN 1 QL 0 QW 0 QH 0 QZN 0 GL 0 GW 0 GH 0 GOH 0 GZN 0 XZJ 0
2017-04-17 18:54:14,071 [car_out]-[DEBUG] 2017-03-14 16:32:30,281 V 3.21 W 2531 H 4093 L 9810 C 0 T 6977 B 0 ZN 1 QL 0 QW 0 QH 0 QZN 0 GL 0 GW 0 GH 0 GOH 0 GZN 0 XZJ 0
2017-04-17 18:54:39,723 [car_out]-[DEBUG] 2017-03-14 16:42:17,406 V 3.21 W 2587 H 3347 L 16654 C 0 T 13286 B 0 ZN 6 Z0 1704 Z1 2443 Z2 5849 Z3 1316 Z4 1279 QL 0 QW 0 QH 0 QZN 0 GL 0 GW 0 GH 0 GOH 0 GZN 0 XZJ 0
2017-04-18 10:31:25,930 [car_out]-[DEBUG] 2017-03-14 16:27:42,015 V 3.21 W 2478 H 3763 L 9026 C 0 T 11035 B 0 ZN 2 Z0 5267 QL 0 QW 0 QH 0 QZN 0 GL 0 GW 0 GH 0 GOH 0 GZN 0 XZJ 0
2017-04-18 10:31:50,144 [car_out]-[DEBUG] 2017-03-14 16:32:30,281 V 3.21 W 2531 H 4093 L 9807 C 0 T 6977 B 0 ZN 3 Z0 4167 Z1 1345 QL 0 QW 0 QH 0 QZN 0 GL 0 GW 0 GH 0 GOH 0 GZN 0 XZJ 0
2017-04-18 10:32:39,092 [car_out]-[DEBUG] 2017-03-14 16:42:17,406 V 3.21 W 2587 H 3347 L 16654 C 0 T 13286 B 0 ZN 6 Z0 1704 Z1 2443 Z2 5849 Z3 1316 Z4 1279 QL 0 QW 0 QH 0 QZN 0 GL 0 GW 0 GH 0 GOH 0 GZN 0 XZJ 0
2017-04-18 14:02:53,773 [car_out]-[DEBUG] 2017-03-14 16:27:42,015 V 3.21 W 2478 H 3763 L 9031 C 0 T 11035 B 0 ZN 0 QL 0 QW 0 QH 0 QZN 0 GL 0 GW 0 GH 0 GOH 0 GZN 0 XZJ 0
2017-04-18 14:03:17,177 [car_out]-[DEBUG] 2017-03-14 16:32:30,281 V 3.21 W 2531 H 4093 L 9810 C 0 T 6977 B 0 ZN 0 QL 0 QW 0 QH 0 QZN 0 GL 0 GW 0 GH 0 GOH 0 GZN 0 XZJ 0
2017-04-18 14:04:04,379 [car_out]-[DEBUG] 2017-03-14 16:42:17,406 V 3.21 W 2587 H 3347 L 16658 C 0 T 13286 B 0 ZN 0 QL 0 QW 0 QH 0 QZN 0 GL 0 GW 0 GH 0 GOH 0 GZN 0 XZJ 0
2017-05-06 15:41:44,335 [car_out]-[DEBUG] 2015-11-05 14:58:27,000 V 3.25 W 1700 H 2400 L 15000 C 0 T 6000 B 0 ZN 6 Z0 1000 Z1 1200 Z2 1400 Z3 1600 Z4 1800 QL 3000 QW 1400 QH 2200 QZN 3 QZ0 1600 QZ1 1800 GL 12000 GW 1500 GH 2300 GOH 2350 GZN 3 GZ0 1000 GZ1 1200 XZJ 7000
